00:00:00.780 [SessionValidationThread-1] INFO  o.a.s.s.m.AbstractValidatingSessionManager - [validateSessions,275] - Validating all active sessions...
00:00:00.787 [SessionValidationThread-1] INFO  o.a.s.s.m.AbstractValidatingSessionManager - [validateSessions,308] - Finished session validation.  No sessions were stopped.
00:15:00.778 [SessionValidationThread-1] INFO  o.a.s.s.m.AbstractValidatingSessionManager - [validateSessions,275] - Validating all active sessions...
00:15:00.778 [SessionValidationThread-1] INFO  o.a.s.s.m.AbstractValidatingSessionManager - [validateSessions,308] - Finished session validation.  No sessions were stopped.
00:30:00.778 [SessionValidationThread-1] INFO  o.a.s.s.m.AbstractValidatingSessionManager - [validateSessions,275] - Validating all active sessions...
00:30:00.783 [SessionValidationThread-1] INFO  o.a.s.s.m.AbstractValidatingSessionManager - [validateSessions,308] - Finished session validation.  No sessions were stopped.
00:45:00.774 [SessionValidationThread-1] INFO  o.a.s.s.m.AbstractValidatingSessionManager - [validateSessions,275] - Validating all active sessions...
00:45:00.774 [SessionValidationThread-1] INFO  o.a.s.s.m.AbstractValidatingSessionManager - [validateSessions,308] - Finished session validation.  No sessions were stopped.
01:00:00.776 [SessionValidationThread-1] INFO  o.a.s.s.m.AbstractValidatingSessionManager - [validateSessions,275] - Validating all active sessions...
01:00:00.776 [SessionValidationThread-1] INFO  o.a.s.s.m.AbstractValidatingSessionManager - [validateSessions,308] - Finished session validation.  No sessions were stopped.
01:15:00.771 [SessionValidationThread-1] INFO  o.a.s.s.m.AbstractValidatingSessionManager - [validateSessions,275] - Validating all active sessions...
01:15:00.771 [SessionValidationThread-1] INFO  o.a.s.s.m.AbstractValidatingSessionManager - [validateSessions,308] - Finished session validation.  No sessions were stopped.
01:30:00.773 [SessionValidationThread-1] INFO  o.a.s.s.m.AbstractValidatingSessionManager - [validateSessions,275] - Validating all active sessions...
01:30:00.773 [SessionValidationThread-1] INFO  o.a.s.s.m.AbstractValidatingSessionManager - [validateSessions,308] - Finished session validation.  No sessions were stopped.
01:45:00.780 [SessionValidationThread-1] INFO  o.a.s.s.m.AbstractValidatingSessionManager - [validateSessions,275] - Validating all active sessions...
01:45:00.780 [SessionValidationThread-1] INFO  o.a.s.s.m.AbstractValidatingSessionManager - [validateSessions,308] - Finished session validation.  No sessions were stopped.
02:00:00.778 [SessionValidationThread-1] INFO  o.a.s.s.m.AbstractValidatingSessionManager - [validateSessions,275] - Validating all active sessions...
02:00:00.778 [SessionValidationThread-1] INFO  o.a.s.s.m.AbstractValidatingSessionManager - [validateSessions,308] - Finished session validation.  No sessions were stopped.
02:15:00.768 [SessionValidationThread-1] INFO  o.a.s.s.m.AbstractValidatingSessionManager - [validateSessions,275] - Validating all active sessions...
02:15:00.769 [SessionValidationThread-1] INFO  o.a.s.s.m.AbstractValidatingSessionManager - [validateSessions,308] - Finished session validation.  No sessions were stopped.
02:30:00.776 [SessionValidationThread-1] INFO  o.a.s.s.m.AbstractValidatingSessionManager - [validateSessions,275] - Validating all active sessions...
02:30:00.776 [SessionValidationThread-1] INFO  o.a.s.s.m.AbstractValidatingSessionManager - [validateSessions,308] - Finished session validation.  No sessions were stopped.
02:45:00.777 [SessionValidationThread-1] INFO  o.a.s.s.m.AbstractValidatingSessionManager - [validateSessions,275] - Validating all active sessions...
02:45:00.777 [SessionValidationThread-1] INFO  o.a.s.s.m.AbstractValidatingSessionManager - [validateSessions,308] - Finished session validation.  No sessions were stopped.
03:00:00.770 [SessionValidationThread-1] INFO  o.a.s.s.m.AbstractValidatingSessionManager - [validateSessions,275] - Validating all active sessions...
03:00:00.770 [SessionValidationThread-1] INFO  o.a.s.s.m.AbstractValidatingSessionManager - [validateSessions,308] - Finished session validation.  No sessions were stopped.
03:15:00.781 [SessionValidationThread-1] INFO  o.a.s.s.m.AbstractValidatingSessionManager - [validateSessions,275] - Validating all active sessions...
03:15:00.781 [SessionValidationThread-1] INFO  o.a.s.s.m.AbstractValidatingSessionManager - [validateSessions,308] - Finished session validation.  No sessions were stopped.
03:30:00.770 [SessionValidationThread-1] INFO  o.a.s.s.m.AbstractValidatingSessionManager - [validateSessions,275] - Validating all active sessions...
03:30:00.770 [SessionValidationThread-1] INFO  o.a.s.s.m.AbstractValidatingSessionManager - [validateSessions,308] - Finished session validation.  No sessions were stopped.
03:45:00.773 [SessionValidationThread-1] INFO  o.a.s.s.m.AbstractValidatingSessionManager - [validateSessions,275] - Validating all active sessions...
03:45:00.773 [SessionValidationThread-1] INFO  o.a.s.s.m.AbstractValidatingSessionManager - [validateSessions,308] - Finished session validation.  No sessions were stopped.
04:00:00.776 [SessionValidationThread-1] INFO  o.a.s.s.m.AbstractValidatingSessionManager - [validateSessions,275] - Validating all active sessions...
04:00:00.776 [SessionValidationThread-1] INFO  o.a.s.s.m.AbstractValidatingSessionManager - [validateSessions,308] - Finished session validation.  No sessions were stopped.
04:15:00.779 [SessionValidationThread-1] INFO  o.a.s.s.m.AbstractValidatingSessionManager - [validateSessions,275] - Validating all active sessions...
04:15:00.779 [SessionValidationThread-1] INFO  o.a.s.s.m.AbstractValidatingSessionManager - [validateSessions,308] - Finished session validation.  No sessions were stopped.
04:30:00.772 [SessionValidationThread-1] INFO  o.a.s.s.m.AbstractValidatingSessionManager - [validateSessions,275] - Validating all active sessions...
04:30:00.772 [SessionValidationThread-1] INFO  o.a.s.s.m.AbstractValidatingSessionManager - [validateSessions,308] - Finished session validation.  No sessions were stopped.
04:45:00.777 [SessionValidationThread-1] INFO  o.a.s.s.m.AbstractValidatingSessionManager - [validateSessions,275] - Validating all active sessions...
04:45:00.777 [SessionValidationThread-1] INFO  o.a.s.s.m.AbstractValidatingSessionManager - [validateSessions,308] - Finished session validation.  No sessions were stopped.
05:00:00.778 [SessionValidationThread-1] INFO  o.a.s.s.m.AbstractValidatingSessionManager - [validateSessions,275] - Validating all active sessions...
05:00:00.778 [SessionValidationThread-1] INFO  o.a.s.s.m.AbstractValidatingSessionManager - [validateSessions,308] - Finished session validation.  No sessions were stopped.
05:15:00.774 [SessionValidationThread-1] INFO  o.a.s.s.m.AbstractValidatingSessionManager - [validateSessions,275] - Validating all active sessions...
05:15:00.774 [SessionValidationThread-1] INFO  o.a.s.s.m.AbstractValidatingSessionManager - [validateSessions,308] - Finished session validation.  No sessions were stopped.
05:30:00.771 [SessionValidationThread-1] INFO  o.a.s.s.m.AbstractValidatingSessionManager - [validateSessions,275] - Validating all active sessions...
05:30:00.771 [SessionValidationThread-1] INFO  o.a.s.s.m.AbstractValidatingSessionManager - [validateSessions,308] - Finished session validation.  No sessions were stopped.
05:45:00.774 [SessionValidationThread-1] INFO  o.a.s.s.m.AbstractValidatingSessionManager - [validateSessions,275] - Validating all active sessions...
05:45:00.774 [SessionValidationThread-1] INFO  o.a.s.s.m.AbstractValidatingSessionManager - [validateSessions,308] - Finished session validation.  No sessions were stopped.
06:00:00.775 [SessionValidationThread-1] INFO  o.a.s.s.m.AbstractValidatingSessionManager - [validateSessions,275] - Validating all active sessions...
06:00:00.776 [SessionValidationThread-1] INFO  o.a.s.s.m.AbstractValidatingSessionManager - [validateSessions,308] - Finished session validation.  No sessions were stopped.
06:15:00.781 [SessionValidationThread-1] INFO  o.a.s.s.m.AbstractValidatingSessionManager - [validateSessions,275] - Validating all active sessions...
06:15:00.781 [SessionValidationThread-1] INFO  o.a.s.s.m.AbstractValidatingSessionManager - [validateSessions,308] - Finished session validation.  No sessions were stopped.
06:30:00.772 [SessionValidationThread-1] INFO  o.a.s.s.m.AbstractValidatingSessionManager - [validateSessions,275] - Validating all active sessions...
06:30:00.772 [SessionValidationThread-1] INFO  o.a.s.s.m.AbstractValidatingSessionManager - [validateSessions,308] - Finished session validation.  No sessions were stopped.
06:45:00.768 [SessionValidationThread-1] INFO  o.a.s.s.m.AbstractValidatingSessionManager - [validateSessions,275] - Validating all active sessions...
06:45:00.768 [SessionValidationThread-1] INFO  o.a.s.s.m.AbstractValidatingSessionManager - [validateSessions,308] - Finished session validation.  No sessions were stopped.
07:00:00.780 [SessionValidationThread-1] INFO  o.a.s.s.m.AbstractValidatingSessionManager - [validateSessions,275] - Validating all active sessions...
07:00:00.780 [SessionValidationThread-1] INFO  o.a.s.s.m.AbstractValidatingSessionManager - [validateSessions,308] - Finished session validation.  No sessions were stopped.
07:15:00.772 [SessionValidationThread-1] INFO  o.a.s.s.m.AbstractValidatingSessionManager - [validateSessions,275] - Validating all active sessions...
07:15:00.772 [SessionValidationThread-1] INFO  o.a.s.s.m.AbstractValidatingSessionManager - [validateSessions,308] - Finished session validation.  No sessions were stopped.
07:30:00.771 [SessionValidationThread-1] INFO  o.a.s.s.m.AbstractValidatingSessionManager - [validateSessions,275] - Validating all active sessions...
07:30:00.772 [SessionValidationThread-1] INFO  o.a.s.s.m.AbstractValidatingSessionManager - [validateSessions,308] - Finished session validation.  No sessions were stopped.
07:45:00.780 [SessionValidationThread-1] INFO  o.a.s.s.m.AbstractValidatingSessionManager - [validateSessions,275] - Validating all active sessions...
07:45:00.780 [SessionValidationThread-1] INFO  o.a.s.s.m.AbstractValidatingSessionManager - [validateSessions,308] - Finished session validation.  No sessions were stopped.
08:00:00.775 [SessionValidationThread-1] INFO  o.a.s.s.m.AbstractValidatingSessionManager - [validateSessions,275] - Validating all active sessions...
08:00:00.775 [SessionValidationThread-1] INFO  o.a.s.s.m.AbstractValidatingSessionManager - [validateSessions,308] - Finished session validation.  No sessions were stopped.
08:15:00.775 [SessionValidationThread-1] INFO  o.a.s.s.m.AbstractValidatingSessionManager - [validateSessions,275] - Validating all active sessions...
08:15:00.776 [SessionValidationThread-1] INFO  o.a.s.s.m.AbstractValidatingSessionManager - [validateSessions,308] - Finished session validation.  No sessions were stopped.
08:30:00.767 [SessionValidationThread-1] INFO  o.a.s.s.m.AbstractValidatingSessionManager - [validateSessions,275] - Validating all active sessions...
08:30:00.767 [SessionValidationThread-1] INFO  o.a.s.s.m.AbstractValidatingSessionManager - [validateSessions,308] - Finished session validation.  No sessions were stopped.
08:45:00.771 [SessionValidationThread-1] INFO  o.a.s.s.m.AbstractValidatingSessionManager - [validateSessions,275] - Validating all active sessions...
08:45:00.771 [SessionValidationThread-1] INFO  o.a.s.s.m.AbstractValidatingSessionManager - [validateSessions,308] - Finished session validation.  No sessions were stopped.
09:00:00.776 [SessionValidationThread-1] INFO  o.a.s.s.m.AbstractValidatingSessionManager - [validateSessions,275] - Validating all active sessions...
09:00:00.777 [SessionValidationThread-1] INFO  o.a.s.s.m.AbstractValidatingSessionManager - [validateSessions,308] - Finished session validation.  No sessions were stopped.
23:14:22.743 [restartedMain] INFO  c.a.g.GenApplication - [logStarting,48] - Starting GenApplication on PS2022DXPOWVNC with PID 8896 (started by Admin in D:\e\code\代码自动生成\开发中心\dev-center)
23:14:22.745 [restartedMain] INFO  c.a.g.GenApplication - [logStartupProfileInfo,641] - The following profiles are active: dev
23:14:22.792 [restartedMain] INFO  o.s.b.c.e.AnnotationConfigEmbeddedWebApplicationContext - [prepareRefresh,582] - Refreshing org.springframework.boot.context.embedded.AnnotationConfigEmbeddedWebApplicationContext@24842c7b: startup date [Wed Sep 20 23:14:22 CST 2023]; root of context hierarchy
23:14:22.984 [background-preinit] INFO  o.h.v.i.util.Version - [<clinit>,30] - HV000001: Hibernate Validator 5.3.5.Final
23:14:23.817 [restartedMain] INFO  o.s.d.r.c.RepositoryConfigurationDelegate - [multipleStoresDetected,165] - Multiple Spring Data modules found, entering strict repository configuration mode!
23:14:24.190 [restartedMain] INFO  o.s.c.s.PostProcessorRegistrationDelegate$BeanPostProcessorChecker - [postProcessAfterInitialization,325] - Bean 'shiroConfig' of type [cn.afterturn.gen.config.web.ShiroConfig$$EnhancerBySpringCGLIB$$b03fd6b0] is not eligible for getting processed by all BeanPostProcessors (for example: not eligible for auto-proxying)
23:14:24.231 [restartedMain] INFO  o.s.c.s.PostProcessorRegistrationDelegate$BeanPostProcessorChecker - [postProcessAfterInitialization,325] - Bean 'webConfig' of type [cn.afterturn.gen.config.web.WebConfig$$EnhancerBySpringCGLIB$$d323df33] is not eligible for getting processed by all BeanPostProcessors (for example: not eligible for auto-proxying)
23:14:24.250 [restartedMain] INFO  o.s.c.s.PostProcessorRegistrationDelegate$BeanPostProcessorChecker - [postProcessAfterInitialization,325] - Bean 'rememberMeCookie' of type [org.apache.shiro.web.servlet.SimpleCookie] is not eligible for getting processed by all BeanPostProcessors (for example: not eligible for auto-proxying)
23:14:24.706 [restartedMain] INFO  o.s.c.s.PostProcessorRegistrationDelegate$BeanPostProcessorChecker - [postProcessAfterInitialization,325] - Bean 'rememberMeManager' of type [org.apache.shiro.web.mgt.CookieRememberMeManager] is not eligible for getting processed by all BeanPostProcessors (for example: not eligible for auto-proxying)
23:14:24.711 [restartedMain] INFO  o.s.c.s.PostProcessorRegistrationDelegate$BeanPostProcessorChecker - [postProcessAfterInitialization,325] - Bean 'ehCacheConfig' of type [cn.afterturn.gen.config.EhCacheConfig$$EnhancerBySpringCGLIB$$444ecdf8] is not eligible for getting processed by all BeanPostProcessors (for example: not eligible for auto-proxying)
23:14:24.715 [restartedMain] INFO  o.s.c.e.EhCacheManagerFactoryBean - [afterPropertiesSet,130] - Initializing EhCache CacheManager
23:14:24.799 [restartedMain] INFO  o.s.c.s.PostProcessorRegistrationDelegate$BeanPostProcessorChecker - [postProcessAfterInitialization,325] - Bean 'ehcache' of type [org.springframework.cache.ehcache.EhCacheManagerFactoryBean] is not eligible for getting processed by all BeanPostProcessors (for example: not eligible for auto-proxying)
23:14:24.803 [restartedMain] INFO  o.s.c.s.PostProcessorRegistrationDelegate$BeanPostProcessorChecker - [postProcessAfterInitialization,325] - Bean 'getCacheShiroManager' of type [org.apache.shiro.cache.ehcache.EhCacheManager] is not eligible for getting processed by all BeanPostProcessors (for example: not eligible for auto-proxying)
23:14:24.897 [restartedMain] INFO  o.s.c.s.PostProcessorRegistrationDelegate$BeanPostProcessorChecker - [postProcessAfterInitialization,325] - Bean 'gunsProperties' of type [cn.afterturn.gen.config.properties.GunsProperties] is not eligible for getting processed by all BeanPostProcessors (for example: not eligible for auto-proxying)
23:14:24.909 [restartedMain] INFO  o.s.c.s.PostProcessorRegistrationDelegate$BeanPostProcessorChecker - [postProcessAfterInitialization,325] - Bean 'defaultWebSessionManager' of type [org.apache.shiro.web.session.mgt.DefaultWebSessionManager] is not eligible for getting processed by all BeanPostProcessors (for example: not eligible for auto-proxying)
23:14:24.933 [restartedMain] INFO  o.s.c.s.PostProcessorRegistrationDelegate$BeanPostProcessorChecker - [postProcessAfterInitialization,325] - Bean 'shiroDbRealm' of type [cn.afterturn.gen.core.shiro.ShiroDbRealm] is not eligible for getting processed by all BeanPostProcessors (for example: not eligible for auto-proxying)
23:14:24.933 [restartedMain] INFO  o.a.s.c.e.EhCacheManager - [getCache,158] - Cache with name 'cn.afterturn.gen.core.shiro.ShiroDbRealm.authorizationCache' does not yet exist.  Creating now.
23:14:24.935 [restartedMain] INFO  o.a.s.c.e.EhCacheManager - [getCache,165] - Added EhCache named [cn.afterturn.gen.core.shiro.ShiroDbRealm.authorizationCache]
23:14:24.944 [restartedMain] INFO  o.s.c.s.PostProcessorRegistrationDelegate$BeanPostProcessorChecker - [postProcessAfterInitialization,325] - Bean 'securityManager' of type [org.apache.shiro.web.mgt.DefaultWebSecurityManager] is not eligible for getting processed by all BeanPostProcessors (for example: not eligible for auto-proxying)
23:14:24.952 [restartedMain] INFO  o.s.c.s.PostProcessorRegistrationDelegate$BeanPostProcessorChecker - [postProcessAfterInitialization,325] - Bean 'methodInvokingFactoryBean' of type [org.springframework.beans.factory.config.MethodInvokingFactoryBean] is not eligible for getting processed by all BeanPostProcessors (for example: not eligible for auto-proxying)
23:14:24.995 [restartedMain] INFO  o.s.c.s.PostProcessorRegistrationDelegate$BeanPostProcessorChecker - [postProcessAfterInitialization,325] - Bean 'authorizationAttributeSourceAdvisor' of type [org.apache.shiro.spring.security.interceptor.AuthorizationAttributeSourceAdvisor] is not eligible for getting processed by all BeanPostProcessors (for example: not eligible for auto-proxying)
23:14:25.001 [restartedMain] INFO  o.s.c.s.PostProcessorRegistrationDelegate$BeanPostProcessorChecker - [postProcessAfterInitialization,325] - Bean 'druidStatPointcut' of type [org.springframework.aop.support.JdkRegexpMethodPointcut] is not eligible for getting processed by all BeanPostProcessors (for example: not eligible for auto-proxying)
23:14:25.013 [restartedMain] INFO  o.s.c.s.PostProcessorRegistrationDelegate$BeanPostProcessorChecker - [postProcessAfterInitialization,325] - Bean 'druidStatInterceptor' of type [com.alibaba.druid.support.spring.stat.DruidStatInterceptor] is not eligible for getting processed by all BeanPostProcessors (for example: not eligible for auto-proxying)
23:14:25.017 [restartedMain] INFO  o.s.c.s.PostProcessorRegistrationDelegate$BeanPostProcessorChecker - [postProcessAfterInitialization,325] - Bean 'druidStatAdvisor' of type [org.springframework.aop.support.DefaultPointcutAdvisor] is not eligible for getting processed by all BeanPostProcessors (for example: not eligible for auto-proxying)
23:14:25.063 [restartedMain] INFO  o.s.c.s.PostProcessorRegistrationDelegate$BeanPostProcessorChecker - [postProcessAfterInitialization,325] - Bean 'org.springframework.transaction.annotation.ProxyTransactionManagementConfiguration' of type [org.springframework.transaction.annotation.ProxyTransactionManagementConfiguration$$EnhancerBySpringCGLIB$$15fe4d08] is not eligible for getting processed by all BeanPostProcessors (for example: not eligible for auto-proxying)
23:14:25.277 [restartedMain] INFO  o.s.c.s.PostProcessorRegistrationDelegate$BeanPostProcessorChecker - [postProcessAfterInitialization,325] - Bean 'org.springframework.cache.annotation.ProxyCachingConfiguration' of type [org.springframework.cache.annotation.ProxyCachingConfiguration$$EnhancerBySpringCGLIB$$5f108326] is not eligible for getting processed by all BeanPostProcessors (for example: not eligible for auto-proxying)
23:14:25.749 [restartedMain] INFO  o.s.b.c.e.t.TomcatEmbeddedServletContainer - [initialize,89] - Tomcat initialized with port(s): 7080 (http)
23:14:25.761 [restartedMain] INFO  o.a.c.c.StandardService - [log,179] - Starting service Tomcat
23:14:25.762 [restartedMain] INFO  o.a.c.c.StandardEngine - [log,179] - Starting Servlet Engine: Apache Tomcat/8.5.14
23:14:25.846 [localhost-startStop-1] INFO  o.a.c.c.C.[.[.[/] - [log,179] - Initializing Spring embedded WebApplicationContext
23:14:25.846 [localhost-startStop-1] INFO  o.s.w.c.ContextLoader - [prepareEmbeddedWebApplicationContext,276] - Root WebApplicationContext: initialization completed in 3054 ms
23:14:26.201 [localhost-startStop-1] INFO  o.s.b.w.s.ServletRegistrationBean - [onStartup,190] - Mapping servlet: 'statViewServlet' to [/druid/*]
23:14:26.202 [localhost-startStop-1] INFO  o.s.b.w.s.ServletRegistrationBean - [onStartup,190] - Mapping servlet: 'dispatcherServlet' to [/]
23:14:26.206 [localhost-startStop-1] INFO  o.s.b.w.s.FilterRegistrationBean - [configure,258] - Mapping filter: 'characterEncodingFilter' to: [/*]
23:14:26.206 [localhost-startStop-1] INFO  o.s.b.w.s.FilterRegistrationBean - [configure,258] - Mapping filter: 'hiddenHttpMethodFilter' to: [/*]
23:14:26.206 [localhost-startStop-1] INFO  o.s.b.w.s.FilterRegistrationBean - [configure,258] - Mapping filter: 'httpPutFormContentFilter' to: [/*]
23:14:26.206 [localhost-startStop-1] INFO  o.s.b.w.s.FilterRegistrationBean - [configure,258] - Mapping filter: 'requestContextFilter' to: [/*]
23:14:26.206 [localhost-startStop-1] INFO  o.s.b.w.s.FilterRegistrationBean - [configure,271] - Mapping filter: 'webStatFilter' to urls: [/*]
23:14:26.206 [localhost-startStop-1] INFO  o.s.b.w.s.FilterRegistrationBean - [configure,271] - Mapping filter: 'xssFilter' to urls: [/*]
23:14:26.206 [localhost-startStop-1] INFO  o.s.b.w.s.FilterRegistrationBean - [configure,258] - Mapping filter: 'shiroFilter' to: [/*]
23:14:27.082 [restartedMain] INFO  c.a.d.p.DruidDataSource - [init,785] - {dataSource-1} inited
23:14:29.581 [restartedMain] INFO  o.s.w.s.m.m.a.RequestMappingHandlerAdapter - [initControllerAdviceCache,534] - Looking for @ControllerAdvice: org.springframework.boot.context.embedded.AnnotationConfigEmbeddedWebApplicationContext@24842c7b: startup date [Wed Sep 20 23:14:22 CST 2023]; root of context hierarchy
23:14:29.697 [restartedMain] INFO  o.s.w.s.m.m.a.RequestMappingHandlerMapping - [register,543] - Mapped "{[/dbinfo]}" onto public java.lang.String cn.afterturn.gen.modular.code.controller.DbInfoController.index()
23:14:29.698 [restartedMain] INFO  o.s.w.s.m.m.a.RequestMappingHandlerMapping - [register,543] - Mapped "{[/dbinfo/add]}" onto public java.lang.Object cn.afterturn.gen.modular.code.controller.DbInfoController.add(cn.afterturn.gen.modular.code.model.DbInfoModel)
23:14:29.698 [restartedMain] INFO  o.s.w.s.m.m.a.RequestMappingHandlerMapping - [register,543] - Mapped "{[/dbinfo/update]}" onto public java.lang.Object cn.afterturn.gen.modular.code.controller.DbInfoController.update(cn.afterturn.gen.modular.code.model.DbInfoModel)
23:14:29.699 [restartedMain] INFO  o.s.w.s.m.m.a.RequestMappingHandlerMapping - [register,543] - Mapped "{[/dbinfo/delete]}" onto public java.lang.Object cn.afterturn.gen.modular.code.controller.DbInfoController.delete(java.lang.Integer)
23:14:29.699 [restartedMain] INFO  o.s.w.s.m.m.a.RequestMappingHandlerMapping - [register,543] - Mapped "{[/dbinfo/list]}" onto public java.lang.Object cn.afterturn.gen.modular.code.controller.DbInfoController.list(cn.afterturn.gen.modular.code.model.DbInfoModel)
23:14:29.699 [restartedMain] INFO  o.s.w.s.m.m.a.RequestMappingHandlerMapping - [register,543] - Mapped "{[/dbinfo/detail]}" onto public java.lang.Object cn.afterturn.gen.modular.code.controller.DbInfoController.detail(cn.afterturn.gen.modular.code.model.DbInfoModel)
23:14:29.699 [restartedMain] INFO  o.s.w.s.m.m.a.RequestMappingHandlerMapping - [register,543] - Mapped "{[/dbinfo/goto_add]}" onto public java.lang.String cn.afterturn.gen.modular.code.controller.DbInfoController.DbInfoAdd()
23:14:29.699 [restartedMain] INFO  o.s.w.s.m.m.a.RequestMappingHandlerMapping - [register,543] - Mapped "{[/dbinfo/goto_update/{id}]}" onto public java.lang.String cn.afterturn.gen.modular.code.controller.DbInfoController.DbInfoUpdate(java.lang.Integer,org.springframework.ui.Model)
23:14:29.700 [restartedMain] INFO  o.s.w.s.m.m.a.RequestMappingHandlerMapping - [register,543] - Mapped "{[/dbinfo/queryAll]}" onto public java.lang.Object cn.afterturn.gen.modular.code.controller.DbInfoController.queryAll(cn.afterturn.gen.modular.code.model.DbInfoModel)
23:14:29.701 [restartedMain] INFO  o.s.w.s.m.m.a.RequestMappingHandlerMapping - [register,543] - Mapped "{[/eolink/review_code_api]}" onto public java.lang.String cn.afterturn.gen.modular.code.controller.EolinkController.data(java.lang.String,java.lang.String,org.springframework.ui.Model)
23:14:29.704 [restartedMain] INFO  o.s.w.s.m.m.a.RequestMappingHandlerMapping - [register,543] - Mapped "{[/code]}" onto public java.lang.String cn.afterturn.gen.modular.code.controller.GenController.index(org.springframework.ui.Model)
23:14:29.704 [restartedMain] INFO  o.s.w.s.m.m.a.RequestMappingHandlerMapping - [register,543] - Mapped "{[/code/review_code_frontend]}" onto public java.lang.String cn.afterturn.gen.modular.code.controller.GenController.reviewCodeFrontend(java.lang.Integer,java.lang.Integer,cn.afterturn.gen.core.model.GenerationEntity,javax.servlet.http.HttpServletRequest,org.springframework.ui.Model)
23:14:29.704 [restartedMain] INFO  o.s.w.s.m.m.a.RequestMappingHandlerMapping - [register,543] - Mapped "{[/code/review_code/swagger.json]}" onto public java.lang.Object cn.afterturn.gen.modular.code.controller.GenController.reviewCodeSwaggerJson(java.lang.Integer,cn.afterturn.gen.core.model.GenerationEntity,javax.servlet.http.HttpServletRequest,org.springframework.ui.Model) throws org.eclipse.jgit.api.errors.GitAPIException,java.io.IOException
23:14:29.704 [restartedMain] INFO  o.s.w.s.m.m.a.RequestMappingHandlerMapping - [register,543] - Mapped "{[/code/review_code_backend]}" onto public java.lang.String cn.afterturn.gen.modular.code.controller.GenController.reviewCodeBackend(java.lang.Integer,java.lang.Integer,cn.afterturn.gen.core.model.GenerationEntity,javax.servlet.http.HttpServletRequest,org.springframework.ui.Model)
23:14:29.704 [restartedMain] INFO  o.s.w.s.m.m.a.RequestMappingHandlerMapping - [register,543] - Mapped "{[/code/push_eolink]}" onto public cn.afterturn.gen.core.model.ResponseModel cn.afterturn.gen.modular.code.controller.GenController.reviewCodePushEolink(java.lang.Integer,cn.afterturn.gen.core.model.GenerationEntity,javax.servlet.http.HttpServletRequest,org.springframework.ui.Model) throws org.eclipse.jgit.api.errors.GitAPIException,java.io.IOException
23:14:29.705 [restartedMain] INFO  o.s.w.s.m.m.a.RequestMappingHandlerMapping - [register,543] - Mapped "{[/code/review_code_eolink]}" onto public java.lang.String cn.afterturn.gen.modular.code.controller.GenController.reviewCodeEolink(java.lang.Integer,java.lang.Integer,cn.afterturn.gen.core.model.GenerationEntity,javax.servlet.http.HttpServletRequest,org.springframework.ui.Model)
23:14:29.705 [restartedMain] INFO  o.s.w.s.m.m.a.RequestMappingHandlerMapping - [register,543] - Mapped "{[/code/review_code_api_input]}" onto public java.lang.String cn.afterturn.gen.modular.code.controller.GenController.reviewCodeApi()
23:14:29.705 [restartedMain] INFO  o.s.w.s.m.m.a.RequestMappingHandlerMapping - [register,543] - Mapped "{[/code/queryTables]}" onto public cn.afterturn.gen.core.model.ResponseModel cn.afterturn.gen.modular.code.controller.GenController.queryTables(cn.afterturn.gen.modular.code.model.DbInfoModel,java.lang.String,cn.afterturn.gen.core.model.RequestModel)
23:14:29.705 [restartedMain] INFO  o.s.w.s.m.m.a.RequestMappingHandlerMapping - [register,543] - Mapped "{[/code/genCode]}" onto public void cn.afterturn.gen.modular.code.controller.GenController.genCode(cn.afterturn.gen.modular.code.model.DbInfoModel,java.lang.String,java.lang.String,java.lang.String,java.lang.String,cn.afterturn.gen.core.model.GenerationEntity,javax.servlet.http.HttpServletRequest,javax.servlet.http.HttpServletResponse)
23:14:29.705 [restartedMain] INFO  o.s.w.s.m.m.a.RequestMappingHandlerMapping - [register,543] - Mapped "{[/code/tableGen/{id}]}" onto public java.lang.String cn.afterturn.gen.modular.code.controller.GenController.tableGen(org.springframework.ui.Model,java.lang.Integer)
23:14:29.705 [restartedMain] INFO  o.s.w.s.m.m.a.RequestMappingHandlerMapping - [register,543] - Mapped "{[/code/genTableCode]}" onto public void cn.afterturn.gen.modular.code.controller.GenController.genTableCode(java.lang.Integer,java.lang.String,java.lang.String,cn.afterturn.gen.core.model.GenerationEntity,javax.servlet.http.HttpServletRequest,javax.servlet.http.HttpServletResponse)
23:14:29.706 [restartedMain] INFO  o.s.w.s.m.m.a.RequestMappingHandlerMapping - [register,543] - Mapped "{[/code/review_code]}" onto public java.lang.String cn.afterturn.gen.modular.code.controller.GenController.reviewCode(java.lang.Integer,cn.afterturn.gen.core.model.GenerationEntity,javax.servlet.http.HttpServletRequest,org.springframework.ui.Model)
23:14:29.706 [restartedMain] INFO  o.s.w.s.m.m.a.RequestMappingHandlerMapping - [register,543] - Mapped "{[/code/queryDatabases]}" onto public cn.afterturn.gen.core.model.ResponseModel cn.afterturn.gen.modular.code.controller.GenController.queryDatabase(cn.afterturn.gen.modular.code.model.DbInfoModel,cn.afterturn.gen.core.model.RequestModel)
23:14:29.707 [restartedMain] INFO  o.s.w.s.m.m.a.RequestMappingHandlerMapping - [register,543] - Mapped "{[/genparam]}" onto public java.lang.String cn.afterturn.gen.modular.code.controller.GenParamController.index()
23:14:29.707 [restartedMain] INFO  o.s.w.s.m.m.a.RequestMappingHandlerMapping - [register,543] - Mapped "{[/genparam/add]}" onto public java.lang.Object cn.afterturn.gen.modular.code.controller.GenParamController.add(cn.afterturn.gen.modular.code.model.GenParamModel)
23:14:29.707 [restartedMain] INFO  o.s.w.s.m.m.a.RequestMappingHandlerMapping - [register,543] - Mapped "{[/genparam/update]}" onto public java.lang.Object cn.afterturn.gen.modular.code.controller.GenParamController.update(cn.afterturn.gen.modular.code.model.GenParamModel)
23:14:29.707 [restartedMain] INFO  o.s.w.s.m.m.a.RequestMappingHandlerMapping - [register,543] - Mapped "{[/genparam/delete]}" onto public java.lang.Object cn.afterturn.gen.modular.code.controller.GenParamController.delete(java.lang.Integer)
23:14:29.707 [restartedMain] INFO  o.s.w.s.m.m.a.RequestMappingHandlerMapping - [register,543] - Mapped "{[/genparam/list]}" onto public java.lang.Object cn.afterturn.gen.modular.code.controller.GenParamController.list(cn.afterturn.gen.modular.code.model.GenParamModel)
23:14:29.708 [restartedMain] INFO  o.s.w.s.m.m.a.RequestMappingHandlerMapping - [register,543] - Mapped "{[/genparam/detail]}" onto public java.lang.Object cn.afterturn.gen.modular.code.controller.GenParamController.detail(cn.afterturn.gen.modular.code.model.GenParamModel)
23:14:29.708 [restartedMain] INFO  o.s.w.s.m.m.a.RequestMappingHandlerMapping - [register,543] - Mapped "{[/genparam/goto_add]}" onto public java.lang.String cn.afterturn.gen.modular.code.controller.GenParamController.GenParamAdd()
23:14:29.708 [restartedMain] INFO  o.s.w.s.m.m.a.RequestMappingHandlerMapping - [register,543] - Mapped "{[/genparam/goto_update/{id}]}" onto public java.lang.String cn.afterturn.gen.modular.code.controller.GenParamController.GenParamUpdate(java.lang.Integer,org.springframework.ui.Model)
23:14:29.708 [restartedMain] INFO  o.s.w.s.m.m.a.RequestMappingHandlerMapping - [register,543] - Mapped "{[/share/clone/{groupId}],methods=[GET]}" onto public java.lang.String cn.afterturn.gen.modular.code.controller.ShareController.clone(java.lang.String,org.springframework.ui.Model)
23:14:29.708 [restartedMain] INFO  o.s.w.s.m.m.a.RequestMappingHandlerMapping - [register,543] - Mapped "{[/share],methods=[GET]}" onto public java.lang.String cn.afterturn.gen.modular.code.controller.ShareController.share()
23:14:29.709 [restartedMain] INFO  o.s.w.s.m.m.a.RequestMappingHandlerMapping - [register,543] - Mapped "{[/share/detail/{groupId}],methods=[GET]}" onto public java.lang.String cn.afterturn.gen.modular.code.controller.ShareController.sharedetail(java.lang.String,org.springframework.ui.Model)
23:14:29.709 [restartedMain] INFO  o.s.w.s.m.m.a.RequestMappingHandlerMapping - [register,543] - Mapped "{[/tablebasefield]}" onto public java.lang.String cn.afterturn.gen.modular.code.controller.TableBaseFieldController.index()
23:14:29.710 [restartedMain] INFO  o.s.w.s.m.m.a.RequestMappingHandlerMapping - [register,543] - Mapped "{[/tablebasefield/add]}" onto public java.lang.Object cn.afterturn.gen.modular.code.controller.TableBaseFieldController.add(cn.afterturn.gen.modular.code.model.TableBaseFieldModel,cn.afterturn.gen.modular.code.model.TableFieldModel,cn.afterturn.gen.modular.code.model.TableFieldVerifyModel)
23:14:29.710 [restartedMain] INFO  o.s.w.s.m.m.a.RequestMappingHandlerMapping - [register,543] - Mapped "{[/tablebasefield/update]}" onto public java.lang.Object cn.afterturn.gen.modular.code.controller.TableBaseFieldController.update(cn.afterturn.gen.modular.code.model.TableBaseFieldModel,cn.afterturn.gen.modular.code.model.TableFieldModel,cn.afterturn.gen.modular.code.model.TableFieldVerifyModel)
23:14:29.711 [restartedMain] INFO  o.s.w.s.m.m.a.RequestMappingHandlerMapping - [register,543] - Mapped "{[/tablebasefield/delete]}" onto public java.lang.Object cn.afterturn.gen.modular.code.controller.TableBaseFieldController.delete(java.lang.Integer)
23:14:29.711 [restartedMain] INFO  o.s.w.s.m.m.a.RequestMappingHandlerMapping - [register,543] - Mapped "{[/tablebasefield/list]}" onto public java.lang.Object cn.afterturn.gen.modular.code.controller.TableBaseFieldController.list(cn.afterturn.gen.modular.code.model.TableBaseFieldModel,javax.servlet.http.HttpServletRequest,javax.servlet.http.HttpServletResponse)
23:14:29.712 [restartedMain] INFO  o.s.w.s.m.m.a.RequestMappingHandlerMapping - [register,543] - Mapped "{[/tablebasefield/detail]}" onto public java.lang.Object cn.afterturn.gen.modular.code.controller.TableBaseFieldController.detail(cn.afterturn.gen.modular.code.model.TableBaseFieldModel)
23:14:29.712 [restartedMain] INFO  o.s.w.s.m.m.a.RequestMappingHandlerMapping - [register,543] - Mapped "{[/tablebasefield/goto_add]}" onto public java.lang.String cn.afterturn.gen.modular.code.controller.TableBaseFieldController.gotoAdd()
23:14:29.712 [restartedMain] INFO  o.s.w.s.m.m.a.RequestMappingHandlerMapping - [register,543] - Mapped "{[/tablebasefield/goto_update/{id}]}" onto public java.lang.String cn.afterturn.gen.modular.code.controller.TableBaseFieldController.gotoUpdate(java.lang.Integer,org.springframework.ui.Model)
23:14:29.713 [restartedMain] INFO  o.s.w.s.m.m.a.RequestMappingHandlerMapping - [register,543] - Mapped "{[/tablefield]}" onto public java.lang.String cn.afterturn.gen.modular.code.controller.TableFieldController.index()
23:14:29.713 [restartedMain] INFO  o.s.w.s.m.m.a.RequestMappingHandlerMapping - [register,543] - Mapped "{[/tablefield/add]}" onto public java.lang.Object cn.afterturn.gen.modular.code.controller.TableFieldController.add(cn.afterturn.gen.modular.code.model.TableFieldModel)
23:14:29.713 [restartedMain] INFO  o.s.w.s.m.m.a.RequestMappingHandlerMapping - [register,543] - Mapped "{[/tablefield/update]}" onto public java.lang.Object cn.afterturn.gen.modular.code.controller.TableFieldController.update(cn.afterturn.gen.modular.code.model.TableFieldModel)
23:14:29.713 [restartedMain] INFO  o.s.w.s.m.m.a.RequestMappingHandlerMapping - [register,543] - Mapped "{[/tablefield/delete]}" onto public java.lang.Object cn.afterturn.gen.modular.code.controller.TableFieldController.delete(java.lang.Integer)
23:14:29.714 [restartedMain] INFO  o.s.w.s.m.m.a.RequestMappingHandlerMapping - [register,543] - Mapped "{[/tablefield/list]}" onto public java.lang.Object cn.afterturn.gen.modular.code.controller.TableFieldController.list(cn.afterturn.gen.modular.code.model.TableFieldModel)
23:14:29.714 [restartedMain] INFO  o.s.w.s.m.m.a.RequestMappingHandlerMapping - [register,543] - Mapped "{[/tablefield/detail]}" onto public java.lang.Object cn.afterturn.gen.modular.code.controller.TableFieldController.detail(cn.afterturn.gen.modular.code.model.TableFieldModel)
23:14:29.714 [restartedMain] INFO  o.s.w.s.m.m.a.RequestMappingHandlerMapping - [register,543] - Mapped "{[/tablefield/goto_add]}" onto public java.lang.String cn.afterturn.gen.modular.code.controller.TableFieldController.TableFieldAdd()
23:14:29.714 [restartedMain] INFO  o.s.w.s.m.m.a.RequestMappingHandlerMapping - [register,543] - Mapped "{[/tablefield/goto_update/{id}]}" onto public java.lang.String cn.afterturn.gen.modular.code.controller.TableFieldController.TableFieldUpdate(java.lang.Integer,org.springframework.ui.Model)
23:14:29.715 [restartedMain] INFO  o.s.w.s.m.m.a.RequestMappingHandlerMapping - [register,543] - Mapped "{[/tableinfo]}" onto public java.lang.String cn.afterturn.gen.modular.code.controller.TableInfoController.index()
23:14:29.715 [restartedMain] INFO  o.s.w.s.m.m.a.RequestMappingHandlerMapping - [register,543] - Mapped "{[/tableinfo/add]}" onto public java.lang.Object cn.afterturn.gen.modular.code.controller.TableInfoController.add(cn.afterturn.gen.modular.code.model.TableInfoModel)
23:14:29.716 [restartedMain] INFO  o.s.w.s.m.m.a.RequestMappingHandlerMapping - [register,543] - Mapped "{[/tableinfo/update]}" onto public java.lang.Object cn.afterturn.gen.modular.code.controller.TableInfoController.update(cn.afterturn.gen.modular.code.model.TableInfoModel)
23:14:29.716 [restartedMain] INFO  o.s.w.s.m.m.a.RequestMappingHandlerMapping - [register,543] - Mapped "{[/tableinfo/delete]}" onto public java.lang.Object cn.afterturn.gen.modular.code.controller.TableInfoController.delete(java.lang.Integer)
23:14:29.716 [restartedMain] INFO  o.s.w.s.m.m.a.RequestMappingHandlerMapping - [register,543] - Mapped "{[/tableinfo/list]}" onto public java.lang.Object cn.afterturn.gen.modular.code.controller.TableInfoController.list(cn.afterturn.gen.modular.code.model.TableInfoModel)
23:14:29.716 [restartedMain] INFO  o.s.w.s.m.m.a.RequestMappingHandlerMapping - [register,543] - Mapped "{[/tableinfo/detail]}" onto public java.lang.Object cn.afterturn.gen.modular.code.controller.TableInfoController.detail(cn.afterturn.gen.modular.code.model.TableInfoModel)
23:14:29.716 [restartedMain] INFO  o.s.w.s.m.m.a.RequestMappingHandlerMapping - [register,543] - Mapped "{[/tableinfo/goto_sqlimport]}" onto public java.lang.String cn.afterturn.gen.modular.code.controller.TableInfoController.tableInfoSQLImport()
23:14:29.717 [restartedMain] INFO  o.s.w.s.m.m.a.RequestMappingHandlerMapping - [register,543] - Mapped "{[/tableinfo/goto_dbimport]}" onto public java.lang.String cn.afterturn.gen.modular.code.controller.TableInfoController.tableInfoDbImport()
23:14:29.717 [restartedMain] INFO  o.s.w.s.m.m.a.RequestMappingHandlerMapping - [register,543] - Mapped "{[/tableinfo/goto_add]}" onto public java.lang.String cn.afterturn.gen.modular.code.controller.TableInfoController.tableInfoAdd(org.springframework.ui.Model)
23:14:29.717 [restartedMain] INFO  o.s.w.s.m.m.a.RequestMappingHandlerMapping - [register,543] - Mapped "{[/tableinfo/genDoc]}" onto public java.lang.String cn.afterturn.gen.modular.code.controller.TableInfoController.genDoc(org.springframework.ui.ModelMap)
23:14:29.717 [restartedMain] INFO  o.s.w.s.m.m.a.RequestMappingHandlerMapping - [register,543] - Mapped "{[/tableinfo/dbimport]}" onto public java.lang.Object cn.afterturn.gen.modular.code.controller.TableInfoController.dbImport(cn.afterturn.gen.modular.code.model.DbInfoModel,java.lang.String,java.lang.String)
23:14:29.717 [restartedMain] INFO  o.s.w.s.m.m.a.RequestMappingHandlerMapping - [register,543] - Mapped "{[/tableinfo/goto_update/{id}]}" onto public java.lang.String cn.afterturn.gen.modular.code.controller.TableInfoController.tableInfoUpdate(java.lang.Integer,org.springframework.ui.Model)
23:14:29.717 [restartedMain] INFO  o.s.w.s.m.m.a.RequestMappingHandlerMapping - [register,543] - Mapped "{[/tableinfo/sqlimport]}" onto public java.lang.Object cn.afterturn.gen.modular.code.controller.TableInfoController.sqlImport(java.lang.String,java.lang.String)
23:14:29.718 [restartedMain] INFO  o.s.w.s.m.m.a.RequestMappingHandlerMapping - [register,543] - Mapped "{[/tableserviceconfig]}" onto public java.lang.String cn.afterturn.gen.modular.code.controller.TableServiceConfigController.index()
23:14:29.718 [restartedMain] INFO  o.s.w.s.m.m.a.RequestMappingHandlerMapping - [register,543] - Mapped "{[/tableserviceconfig/add]}" onto public java.lang.Object cn.afterturn.gen.modular.code.controller.TableServiceConfigController.add(cn.afterturn.gen.modular.code.model.TableServiceConfigModel)
23:14:29.719 [restartedMain] INFO  o.s.w.s.m.m.a.RequestMappingHandlerMapping - [register,543] - Mapped "{[/tableserviceconfig/update]}" onto public java.lang.Object cn.afterturn.gen.modular.code.controller.TableServiceConfigController.update(cn.afterturn.gen.modular.code.model.TableServiceConfigModel)
23:14:29.719 [restartedMain] INFO  o.s.w.s.m.m.a.RequestMappingHandlerMapping - [register,543] - Mapped "{[/tableserviceconfig/delete]}" onto public java.lang.Object cn.afterturn.gen.modular.code.controller.TableServiceConfigController.delete(java.lang.Integer)
23:14:29.719 [restartedMain] INFO  o.s.w.s.m.m.a.RequestMappingHandlerMapping - [register,543] - Mapped "{[/tableserviceconfig/list]}" onto public java.lang.Object cn.afterturn.gen.modular.code.controller.TableServiceConfigController.list(cn.afterturn.gen.modular.code.model.TableServiceConfigModel)
23:14:29.719 [restartedMain] INFO  o.s.w.s.m.m.a.RequestMappingHandlerMapping - [register,543] - Mapped "{[/tableserviceconfig/detail]}" onto public java.lang.Object cn.afterturn.gen.modular.code.controller.TableServiceConfigController.detail(cn.afterturn.gen.modular.code.model.TableServiceConfigModel)
23:14:29.720 [restartedMain] INFO  o.s.w.s.m.m.a.RequestMappingHandlerMapping - [register,543] - Mapped "{[/tableserviceconfig/goto_add]}" onto public java.lang.String cn.afterturn.gen.modular.code.controller.TableServiceConfigController.TableServiceConfigAdd()
23:14:29.720 [restartedMain] INFO  o.s.w.s.m.m.a.RequestMappingHandlerMapping - [register,543] - Mapped "{[/tableserviceconfig/goto_update/{id}]}" onto public java.lang.String cn.afterturn.gen.modular.code.controller.TableServiceConfigController.TableServiceConfigUpdate(java.lang.Integer,org.springframework.ui.Model)
23:14:29.721 [restartedMain] INFO  o.s.w.s.m.m.a.RequestMappingHandlerMapping - [register,543] - Mapped "{[/template]}" onto public java.lang.String cn.afterturn.gen.modular.code.controller.TemplateController.index(org.springframework.ui.Model)
23:14:29.721 [restartedMain] INFO  o.s.w.s.m.m.a.RequestMappingHandlerMapping - [register,543] - Mapped "{[/template/add]}" onto public java.lang.Object cn.afterturn.gen.modular.code.controller.TemplateController.add(cn.afterturn.gen.modular.code.model.TemplateModel) throws java.io.UnsupportedEncodingException
23:14:29.722 [restartedMain] INFO  o.s.w.s.m.m.a.RequestMappingHandlerMapping - [register,543] - Mapped "{[/template/update]}" onto public java.lang.Object cn.afterturn.gen.modular.code.controller.TemplateController.update(cn.afterturn.gen.modular.code.model.TemplateModel) throws java.io.UnsupportedEncodingException
23:14:29.722 [restartedMain] INFO  o.s.w.s.m.m.a.RequestMappingHandlerMapping - [register,543] - Mapped "{[/template/delete]}" onto public java.lang.Object cn.afterturn.gen.modular.code.controller.TemplateController.delete(java.lang.Integer)
23:14:29.722 [restartedMain] INFO  o.s.w.s.m.m.a.RequestMappingHandlerMapping - [register,543] - Mapped "{[/template/list]}" onto public java.lang.Object cn.afterturn.gen.modular.code.controller.TemplateController.list(cn.afterturn.gen.modular.code.model.TemplateModel)
23:14:29.722 [restartedMain] INFO  o.s.w.s.m.m.a.RequestMappingHandlerMapping - [register,543] - Mapped "{[/template/detail]}" onto public java.lang.Object cn.afterturn.gen.modular.code.controller.TemplateController.detail(cn.afterturn.gen.modular.code.model.TemplateModel)
23:14:29.722 [restartedMain] INFO  o.s.w.s.m.m.a.RequestMappingHandlerMapping - [register,543] - Mapped "{[/template/goto_add]}" onto public java.lang.String cn.afterturn.gen.modular.code.controller.TemplateController.gotoAdd(org.springframework.ui.Model)
23:14:29.723 [restartedMain] INFO  o.s.w.s.m.m.a.RequestMappingHandlerMapping - [register,543] - Mapped "{[/template/goto_update/{id}]}" onto public java.lang.String cn.afterturn.gen.modular.code.controller.TemplateController.gotoUpdate(java.lang.Integer,org.springframework.ui.Model)
23:14:29.723 [restartedMain] INFO  o.s.w.s.m.m.a.RequestMappingHandlerMapping - [register,543] - Mapped "{[/template/goto_detail/{id}]}" onto public java.lang.String cn.afterturn.gen.modular.code.controller.TemplateController.gotoDetail(java.lang.Integer,org.springframework.ui.Model)
23:14:29.723 [restartedMain] INFO  o.s.w.s.m.m.a.RequestMappingHandlerMapping - [register,543] - Mapped "{[/template/history]}" onto public java.lang.String cn.afterturn.gen.modular.code.controller.TemplateController.history(org.springframework.ui.Model,java.lang.String)
23:14:29.723 [restartedMain] INFO  o.s.w.s.m.m.a.RequestMappingHandlerMapping - [register,543] - Mapped "{[/template/goto_save_as/{id}]}" onto public java.lang.String cn.afterturn.gen.modular.code.controller.TemplateController.gotoSaveAs(java.lang.Integer,org.springframework.ui.Model)
23:14:29.724 [restartedMain] INFO  o.s.w.s.m.m.a.RequestMappingHandlerMapping - [register,543] - Mapped "{[/templategroup]}" onto public java.lang.String cn.afterturn.gen.modular.code.controller.TemplateGroupController.index()
23:14:29.724 [restartedMain] INFO  o.s.w.s.m.m.a.RequestMappingHandlerMapping - [register,543] - Mapped "{[/templategroup/add]}" onto public java.lang.Object cn.afterturn.gen.modular.code.controller.TemplateGroupController.add(cn.afterturn.gen.modular.code.model.TemplateGroupModel)
23:14:29.724 [restartedMain] INFO  o.s.w.s.m.m.a.RequestMappingHandlerMapping - [register,543] - Mapped "{[/templategroup/update]}" onto public java.lang.Object cn.afterturn.gen.modular.code.controller.TemplateGroupController.update(cn.afterturn.gen.modular.code.model.TemplateGroupModel)
23:14:29.724 [restartedMain] INFO  o.s.w.s.m.m.a.RequestMappingHandlerMapping - [register,543] - Mapped "{[/templategroup/delete]}" onto public java.lang.Object cn.afterturn.gen.modular.code.controller.TemplateGroupController.delete(java.lang.Integer)
23:14:29.725 [restartedMain] INFO  o.s.w.s.m.m.a.RequestMappingHandlerMapping - [register,543] - Mapped "{[/templategroup/list]}" onto public java.lang.Object cn.afterturn.gen.modular.code.controller.TemplateGroupController.list(cn.afterturn.gen.modular.code.model.TemplateGroupModel)
23:14:29.725 [restartedMain] INFO  o.s.w.s.m.m.a.RequestMappingHandlerMapping - [register,543] - Mapped "{[/templategroup/detail]}" onto public java.lang.Object cn.afterturn.gen.modular.code.controller.TemplateGroupController.detail(cn.afterturn.gen.modular.code.model.TemplateGroupModel)
23:14:29.725 [restartedMain] INFO  o.s.w.s.m.m.a.RequestMappingHandlerMapping - [register,543] - Mapped "{[/templategroup/goto_update/{id}]}" onto public java.lang.String cn.afterturn.gen.modular.code.controller.TemplateGroupController.TemplateGroupUpdate(java.lang.Integer,org.springframework.ui.Model)
23:14:29.725 [restartedMain] INFO  o.s.w.s.m.m.a.RequestMappingHandlerMapping - [register,543] - Mapped "{[/templategroup/share/{id}]}" onto public java.lang.Object cn.afterturn.gen.modular.code.controller.TemplateGroupController.share(java.lang.Integer)
23:14:29.726 [restartedMain] INFO  o.s.w.s.m.m.a.RequestMappingHandlerMapping - [register,543] - Mapped "{[/templategroup/goto_add]}" onto public java.lang.String cn.afterturn.gen.modular.code.controller.TemplateGroupController.TemplateGroupAdd()
23:14:29.727 [restartedMain] INFO  o.s.w.s.m.m.a.RequestMappingHandlerMapping - [register,543] - Mapped "{[/templateshare]}" onto public java.lang.String cn.afterturn.gen.modular.code.controller.TemplateShareController.index()
23:14:29.727 [restartedMain] INFO  o.s.w.s.m.m.a.RequestMappingHandlerMapping - [register,543] - Mapped "{[/templateshare/add]}" onto public java.lang.Object cn.afterturn.gen.modular.code.controller.TemplateShareController.add(cn.afterturn.gen.modular.code.model.TemplateShareModel)
23:14:29.728 [restartedMain] INFO  o.s.w.s.m.m.a.RequestMappingHandlerMapping - [register,543] - Mapped "{[/templateshare/update]}" onto public java.lang.Object cn.afterturn.gen.modular.code.controller.TemplateShareController.update(cn.afterturn.gen.modular.code.model.TemplateShareModel)
23:14:29.728 [restartedMain] INFO  o.s.w.s.m.m.a.RequestMappingHandlerMapping - [register,543] - Mapped "{[/templateshare/delete]}" onto public java.lang.Object cn.afterturn.gen.modular.code.controller.TemplateShareController.delete(java.lang.Integer)
23:14:29.728 [restartedMain] INFO  o.s.w.s.m.m.a.RequestMappingHandlerMapping - [register,543] - Mapped "{[/templateshare/list]}" onto public java.lang.Object cn.afterturn.gen.modular.code.controller.TemplateShareController.list(cn.afterturn.gen.modular.code.model.TemplateShareModel)
23:14:29.729 [restartedMain] INFO  o.s.w.s.m.m.a.RequestMappingHandlerMapping - [register,543] - Mapped "{[/templateshare/detail]}" onto public java.lang.Object cn.afterturn.gen.modular.code.controller.TemplateShareController.detail(cn.afterturn.gen.modular.code.model.TemplateShareModel)
23:14:29.729 [restartedMain] INFO  o.s.w.s.m.m.a.RequestMappingHandlerMapping - [register,543] - Mapped "{[/templateshare/goto_update/{id}]}" onto public java.lang.String cn.afterturn.gen.modular.code.controller.TemplateShareController.TemplateShareUpdate(java.lang.Integer,org.springframework.ui.Model)
23:14:29.729 [restartedMain] INFO  o.s.w.s.m.m.a.RequestMappingHandlerMapping - [register,543] - Mapped "{[/templateshare/goto_add]}" onto public java.lang.String cn.afterturn.gen.modular.code.controller.TemplateShareController.TemplateShareAdd()
23:14:29.730 [restartedMain] INFO  o.s.w.s.m.m.a.RequestMappingHandlerMapping - [register,543] - Mapped "{[/scimags/search]}" onto public java.util.List<cn.afterturn.gen.modular.demo.entity.Scimag> cn.afterturn.gen.modular.demo.controller.ScimagController.listTop(java.lang.String)
23:14:29.731 [restartedMain] INFO  o.s.w.s.m.m.a.RequestMappingHandlerMapping - [register,543] - Mapped "{[/requirement/element]}" onto public java.lang.String cn.afterturn.gen.modular.requirement.controller.ElementController.index(java.lang.Integer,org.springframework.ui.Model)
23:14:29.731 [restartedMain] INFO  o.s.w.s.m.m.a.RequestMappingHandlerMapping - [register,543] - Mapped "{[/requirement/element/add]}" onto public java.lang.Object cn.afterturn.gen.modular.requirement.controller.ElementController.add(cn.afterturn.gen.modular.requirement.model.Element)
23:14:29.732 [restartedMain] INFO  o.s.w.s.m.m.a.RequestMappingHandlerMapping - [register,543] - Mapped "{[/requirement/element/update]}" onto public java.lang.Object cn.afterturn.gen.modular.requirement.controller.ElementController.update(cn.afterturn.gen.modular.requirement.model.Element)
23:14:29.732 [restartedMain] INFO  o.s.w.s.m.m.a.RequestMappingHandlerMapping - [register,543] - Mapped "{[/requirement/element/delete]}" onto public java.lang.Object cn.afterturn.gen.modular.requirement.controller.ElementController.delete(java.lang.Integer)
23:14:29.732 [restartedMain] INFO  o.s.w.s.m.m.a.RequestMappingHandlerMapping - [register,543] - Mapped "{[/requirement/element/list]}" onto public java.lang.Object cn.afterturn.gen.modular.requirement.controller.ElementController.list(cn.afterturn.gen.modular.requirement.model.Element,javax.servlet.http.HttpServletRequest,javax.servlet.http.HttpServletResponse)
23:14:29.732 [restartedMain] INFO  o.s.w.s.m.m.a.RequestMappingHandlerMapping - [register,543] - Mapped "{[/requirement/element/detail]}" onto public java.lang.Object cn.afterturn.gen.modular.requirement.controller.ElementController.detail(cn.afterturn.gen.modular.requirement.model.Element)
23:14:29.732 [restartedMain] INFO  o.s.w.s.m.m.a.RequestMappingHandlerMapping - [register,543] - Mapped "{[/requirement/element/goto_add]}" onto public java.lang.String cn.afterturn.gen.modular.requirement.controller.ElementController.gotoAdd(java.lang.Integer,org.springframework.ui.Model)
23:14:29.732 [restartedMain] INFO  o.s.w.s.m.m.a.RequestMappingHandlerMapping - [register,543] - Mapped "{[/requirement/element/goto_update/{id}]}" onto public java.lang.String cn.afterturn.gen.modular.requirement.controller.ElementController.gotoUpdate(java.lang.Integer,org.springframework.ui.Model)
23:14:29.733 [restartedMain] INFO  o.s.w.s.m.m.a.RequestMappingHandlerMapping - [register,543] - Mapped "{[/requirement/module]}" onto public java.lang.String cn.afterturn.gen.modular.requirement.controller.ModuleController.index()
23:14:29.733 [restartedMain] INFO  o.s.w.s.m.m.a.RequestMappingHandlerMapping - [register,543] - Mapped "{[/requirement/module/add]}" onto public java.lang.Object cn.afterturn.gen.modular.requirement.controller.ModuleController.add(cn.afterturn.gen.modular.requirement.model.Module)
23:14:29.733 [restartedMain] INFO  o.s.w.s.m.m.a.RequestMappingHandlerMapping - [register,543] - Mapped "{[/requirement/module/update]}" onto public java.lang.Object cn.afterturn.gen.modular.requirement.controller.ModuleController.update(cn.afterturn.gen.modular.requirement.model.Module)
23:14:29.734 [restartedMain] INFO  o.s.w.s.m.m.a.RequestMappingHandlerMapping - [register,543] - Mapped "{[/requirement/module/delete]}" onto public java.lang.Object cn.afterturn.gen.modular.requirement.controller.ModuleController.delete(java.lang.Integer)
23:14:29.734 [restartedMain] INFO  o.s.w.s.m.m.a.RequestMappingHandlerMapping - [register,543] - Mapped "{[/requirement/module/list]}" onto public java.lang.Object cn.afterturn.gen.modular.requirement.controller.ModuleController.list(cn.afterturn.gen.modular.requirement.model.Module,javax.servlet.http.HttpServletRequest,javax.servlet.http.HttpServletResponse)
23:14:29.734 [restartedMain] INFO  o.s.w.s.m.m.a.RequestMappingHandlerMapping - [register,543] - Mapped "{[/requirement/module/detail]}" onto public java.lang.Object cn.afterturn.gen.modular.requirement.controller.ModuleController.detail(cn.afterturn.gen.modular.requirement.model.Module)
23:14:29.734 [restartedMain] INFO  o.s.w.s.m.m.a.RequestMappingHandlerMapping - [register,543] - Mapped "{[/requirement/module/goto_add]}" onto public java.lang.String cn.afterturn.gen.modular.requirement.controller.ModuleController.gotoAdd()
23:14:29.734 [restartedMain] INFO  o.s.w.s.m.m.a.RequestMappingHandlerMapping - [register,543] - Mapped "{[/requirement/module/goto_update/{id}]}" onto public java.lang.String cn.afterturn.gen.modular.requirement.controller.ModuleController.gotoUpdate(java.lang.Integer,org.springframework.ui.Model)
23:14:29.735 [restartedMain] INFO  o.s.w.s.m.m.a.RequestMappingHandlerMapping - [register,543] - Mapped "{[/requirement/page]}" onto public java.lang.String cn.afterturn.gen.modular.requirement.controller.PageController.index(java.lang.Integer,org.springframework.ui.Model)
23:14:29.736 [restartedMain] INFO  o.s.w.s.m.m.a.RequestMappingHandlerMapping - [register,543] - Mapped "{[/requirement/page/add]}" onto public java.lang.Object cn.afterturn.gen.modular.requirement.controller.PageController.add(cn.afterturn.gen.modular.requirement.model.Page)
23:14:29.736 [restartedMain] INFO  o.s.w.s.m.m.a.RequestMappingHandlerMapping - [register,543] - Mapped "{[/requirement/page/update]}" onto public java.lang.Object cn.afterturn.gen.modular.requirement.controller.PageController.update(cn.afterturn.gen.modular.requirement.model.Page)
23:14:29.736 [restartedMain] INFO  o.s.w.s.m.m.a.RequestMappingHandlerMapping - [register,543] - Mapped "{[/requirement/page/delete]}" onto public java.lang.Object cn.afterturn.gen.modular.requirement.controller.PageController.delete(java.lang.Integer)
23:14:29.737 [restartedMain] INFO  o.s.w.s.m.m.a.RequestMappingHandlerMapping - [register,543] - Mapped "{[/requirement/page/list]}" onto public java.lang.Object cn.afterturn.gen.modular.requirement.controller.PageController.list(cn.afterturn.gen.modular.requirement.model.Page,javax.servlet.http.HttpServletRequest,javax.servlet.http.HttpServletResponse)
23:14:29.737 [restartedMain] INFO  o.s.w.s.m.m.a.RequestMappingHandlerMapping - [register,543] - Mapped "{[/requirement/page/detail]}" onto public java.lang.Object cn.afterturn.gen.modular.requirement.controller.PageController.detail(cn.afterturn.gen.modular.requirement.model.Page)
23:14:29.737 [restartedMain] INFO  o.s.w.s.m.m.a.RequestMappingHandlerMapping - [register,543] - Mapped "{[/requirement/page/goto_add]}" onto public java.lang.String cn.afterturn.gen.modular.requirement.controller.PageController.gotoAdd(java.lang.Integer,org.springframework.ui.Model)
23:14:29.737 [restartedMain] INFO  o.s.w.s.m.m.a.RequestMappingHandlerMapping - [register,543] - Mapped "{[/requirement/page/goto_update/{id}]}" onto public java.lang.String cn.afterturn.gen.modular.requirement.controller.PageController.gotoUpdate(java.lang.Integer,org.springframework.ui.Model)
23:14:29.737 [restartedMain] INFO  o.s.w.s.m.m.a.RequestMappingHandlerMapping - [register,543] - Mapped "{[/requirement/page/upload/{id}],methods=[POST]}" onto public void cn.afterturn.gen.modular.requirement.controller.PageController.upload(org.springframework.web.multipart.MultipartFile,java.lang.Integer)
23:14:29.738 [restartedMain] INFO  o.s.w.s.m.m.a.RequestMappingHandlerMapping - [register,543] - Mapped "{[/blackboard]}" onto public java.lang.String cn.afterturn.gen.modular.system.controller.BlackboardController.blackboard(org.springframework.ui.Model)
23:14:29.739 [restartedMain] INFO  o.s.w.s.m.m.a.RequestMappingHandlerMapping - [register,543] - Mapped "{[/dept]}" onto public java.lang.String cn.afterturn.gen.modular.system.controller.DeptController.index()
23:14:29.739 [restartedMain] INFO  o.s.w.s.m.m.a.RequestMappingHandlerMapping - [register,543] - Mapped "{[/dept/add]}" onto public java.lang.Object cn.afterturn.gen.modular.system.controller.DeptController.add(cn.afterturn.gen.common.persistence.model.Dept)
23:14:29.739 [restartedMain] INFO  o.s.w.s.m.m.a.RequestMappingHandlerMapping - [register,543] - Mapped "{[/dept/update]}" onto public java.lang.Object cn.afterturn.gen.modular.system.controller.DeptController.update(cn.afterturn.gen.common.persistence.model.Dept)
23:14:29.739 [restartedMain] INFO  o.s.w.s.m.m.a.RequestMappingHandlerMapping - [register,543] - Mapped "{[/dept/delete]}" onto public java.lang.Object cn.afterturn.gen.modular.system.controller.DeptController.delete(java.lang.Integer)
23:14:29.739 [restartedMain] INFO  o.s.w.s.m.m.a.RequestMappingHandlerMapping - [register,543] - Mapped "{[/dept/list]}" onto public java.lang.Object cn.afterturn.gen.modular.system.controller.DeptController.list(java.lang.String)
23:14:29.739 [restartedMain] INFO  o.s.w.s.m.m.a.RequestMappingHandlerMapping - [register,543] - Mapped "{[/dept/tree]}" onto public java.util.List<cn.afterturn.gen.core.node.ZTreeNode> cn.afterturn.gen.modular.system.controller.DeptController.tree()
23:14:29.740 [restartedMain] INFO  o.s.w.s.m.m.a.RequestMappingHandlerMapping - [register,543] - Mapped "{[/dept/detail/{deptId}]}" onto public java.lang.Object cn.afterturn.gen.modular.system.controller.DeptController.detail(java.lang.Integer)
23:14:29.740 [restartedMain] INFO  o.s.w.s.m.m.a.RequestMappingHandlerMapping - [register,543] - Mapped "{[/dept/dept_update/{deptId}]}" onto public java.lang.String cn.afterturn.gen.modular.system.controller.DeptController.deptUpdate(java.lang.Integer,org.springframework.ui.Model)
23:14:29.740 [restartedMain] INFO  o.s.w.s.m.m.a.RequestMappingHandlerMapping - [register,543] - Mapped "{[/dept/dept_add]}" onto public java.lang.String cn.afterturn.gen.modular.system.controller.DeptController.deptAdd()
23:14:29.741 [restartedMain] INFO  o.s.w.s.m.m.a.RequestMappingHandlerMapping - [register,543] - Mapped "{[/dict]}" onto public java.lang.String cn.afterturn.gen.modular.system.controller.DictController.index()
23:14:29.741 [restartedMain] INFO  o.s.w.s.m.m.a.RequestMappingHandlerMapping - [register,543] - Mapped "{[/dict/add]}" onto public java.lang.Object cn.afterturn.gen.modular.system.controller.DictController.add(java.lang.String,java.lang.String)
23:14:29.741 [restartedMain] INFO  o.s.w.s.m.m.a.RequestMappingHandlerMapping - [register,543] - Mapped "{[/dict/update]}" onto public java.lang.Object cn.afterturn.gen.modular.system.controller.DictController.update(java.lang.Integer,java.lang.String,java.lang.String)
23:14:29.741 [restartedMain] INFO  o.s.w.s.m.m.a.RequestMappingHandlerMapping - [register,543] - Mapped "{[/dict/delete]}" onto public java.lang.Object cn.afterturn.gen.modular.system.controller.DictController.delete(java.lang.Integer)
23:14:29.741 [restartedMain] INFO  o.s.w.s.m.m.a.RequestMappingHandlerMapping - [register,543] - Mapped "{[/dict/list]}" onto public java.lang.Object cn.afterturn.gen.modular.system.controller.DictController.list(java.lang.String)
23:14:29.741 [restartedMain] INFO  o.s.w.s.m.m.a.RequestMappingHandlerMapping - [register,543] - Mapped "{[/dict/getKeys/{dictName}]}" onto public java.lang.Object cn.afterturn.gen.modular.system.controller.DictController.getKeys(java.lang.String)
23:14:29.741 [restartedMain] INFO  o.s.w.s.m.m.a.RequestMappingHandlerMapping - [register,543] - Mapped "{[/dict/detail/{dictId}]}" onto public java.lang.Object cn.afterturn.gen.modular.system.controller.DictController.detail(java.lang.Integer)
23:14:29.742 [restartedMain] INFO  o.s.w.s.m.m.a.RequestMappingHandlerMapping - [register,543] - Mapped "{[/dict/translate/{query}]}" onto public java.lang.Object cn.afterturn.gen.modular.system.controller.DictController.translate(java.lang.String)
23:14:29.742 [restartedMain] INFO  o.s.w.s.m.m.a.RequestMappingHandlerMapping - [register,543] - Mapped "{[/dict/dict_edit/{dictId}]}" onto public java.lang.String cn.afterturn.gen.modular.system.controller.DictController.deptUpdate(java.lang.Integer,org.springframework.ui.Model)
23:14:29.742 [restartedMain] INFO  o.s.w.s.m.m.a.RequestMappingHandlerMapping - [register,543] - Mapped "{[/dict/getDataByKey/{dictName}/{num}]}" onto public java.lang.Object cn.afterturn.gen.modular.system.controller.DictController.getDataByKey(java.lang.String,int)
23:14:29.742 [restartedMain] INFO  o.s.w.s.m.m.a.RequestMappingHandlerMapping - [register,543] - Mapped "{[/dict/dict_add]}" onto public java.lang.String cn.afterturn.gen.modular.system.controller.DictController.deptAdd()
23:14:29.743 [restartedMain] INFO  o.s.w.s.m.m.a.RequestMappingHandlerMapping - [register,543] - Mapped "{[/errorcode]}" onto public java.lang.String cn.afterturn.gen.modular.system.controller.ErrorCodeController.index()
23:14:29.743 [restartedMain] INFO  o.s.w.s.m.m.a.RequestMappingHandlerMapping - [register,543] - Mapped "{[/errorcode/add]}" onto public java.lang.Object cn.afterturn.gen.modular.system.controller.ErrorCodeController.add(cn.afterturn.gen.modular.system.model.ErrorCodeModel)
23:14:29.743 [restartedMain] INFO  o.s.w.s.m.m.a.RequestMappingHandlerMapping - [register,543] - Mapped "{[/errorcode/update]}" onto public java.lang.Object cn.afterturn.gen.modular.system.controller.ErrorCodeController.update(cn.afterturn.gen.modular.system.model.ErrorCodeModel)
23:14:29.743 [restartedMain] INFO  o.s.w.s.m.m.a.RequestMappingHandlerMapping - [register,543] - Mapped "{[/errorcode/delete]}" onto public java.lang.Object cn.afterturn.gen.modular.system.controller.ErrorCodeController.delete(java.lang.Integer)
23:14:29.743 [restartedMain] INFO  o.s.w.s.m.m.a.RequestMappingHandlerMapping - [register,543] - Mapped "{[/errorcode/list]}" onto public java.lang.Object cn.afterturn.gen.modular.system.controller.ErrorCodeController.list(cn.afterturn.gen.modular.system.model.ErrorCodeModel)
23:14:29.743 [restartedMain] INFO  o.s.w.s.m.m.a.RequestMappingHandlerMapping - [register,543] - Mapped "{[/errorcode/detail]}" onto public java.lang.Object cn.afterturn.gen.modular.system.controller.ErrorCodeController.detail(cn.afterturn.gen.modular.system.model.ErrorCodeModel)
23:14:29.743 [restartedMain] INFO  o.s.w.s.m.m.a.RequestMappingHandlerMapping - [register,543] - Mapped "{[/errorcode/export]}" onto public java.lang.Object cn.afterturn.gen.modular.system.controller.ErrorCodeController.export(javax.servlet.http.HttpServletRequest)
23:14:29.744 [restartedMain] INFO  o.s.w.s.m.m.a.RequestMappingHandlerMapping - [register,543] - Mapped "{[/errorcode/goto_update/{id}]}" onto public java.lang.String cn.afterturn.gen.modular.system.controller.ErrorCodeController.ErrorCodeUpdate(java.lang.Integer,org.springframework.ui.Model)
23:14:29.744 [restartedMain] INFO  o.s.w.s.m.m.a.RequestMappingHandlerMapping - [register,543] - Mapped "{[/errorcode/goto_add]}" onto public java.lang.String cn.afterturn.gen.modular.system.controller.ErrorCodeController.ErrorCodeAdd()
23:14:29.744 [restartedMain] INFO  o.s.w.s.m.m.a.RequestMappingHandlerMapping - [register,543] - Mapped "{[/kaptcha]}" onto public void cn.afterturn.gen.modular.system.controller.KaptchaController.index(javax.servlet.http.HttpServletRequest,javax.servlet.http.HttpServletResponse)
23:14:29.744 [restartedMain] INFO  o.s.w.s.m.m.a.RequestMappingHandlerMapping - [register,543] - Mapped "{[/kaptcha/{pictureId}]}" onto public void cn.afterturn.gen.modular.system.controller.KaptchaController.renderPicture(java.lang.String,javax.servlet.http.HttpServletResponse)
23:14:29.744 [restartedMain] INFO  o.s.w.s.m.m.a.RequestMappingHandlerMapping - [register,543] - Mapped "{[/log]}" onto public java.lang.String cn.afterturn.gen.modular.system.controller.LogController.index()
23:14:29.745 [restartedMain] INFO  o.s.w.s.m.m.a.RequestMappingHandlerMapping - [register,543] - Mapped "{[/log/list]}" onto public java.lang.Object cn.afterturn.gen.modular.system.controller.LogController.list(java.lang.String,java.lang.String,java.lang.String,java.lang.Integer)
23:14:29.745 [restartedMain] INFO  o.s.w.s.m.m.a.RequestMappingHandlerMapping - [register,543] - Mapped "{[/log/detail/{id}]}" onto public java.lang.Object cn.afterturn.gen.modular.system.controller.LogController.detail(java.lang.Integer)
23:14:29.745 [restartedMain] INFO  o.s.w.s.m.m.a.RequestMappingHandlerMapping - [register,543] - Mapped "{[/log/delLog]}" onto public java.lang.Object cn.afterturn.gen.modular.system.controller.LogController.delLog()
23:14:29.745 [restartedMain] INFO  o.s.w.s.m.m.a.RequestMappingHandlerMapping - [register,543] - Mapped "{[/],methods=[GET]}" onto public java.lang.String cn.afterturn.gen.modular.system.controller.LoginController.index(org.springframework.ui.Model)
23:14:29.745 [restartedMain] INFO  o.s.w.s.m.m.a.RequestMappingHandlerMapping - [register,543] - Mapped "{[/register],methods=[GET]}" onto public java.lang.String cn.afterturn.gen.modular.system.controller.LoginController.register()
23:14:29.745 [restartedMain] INFO  o.s.w.s.m.m.a.RequestMappingHandlerMapping - [register,543] - Mapped "{[/login],methods=[GET]}" onto public java.lang.String cn.afterturn.gen.modular.system.controller.LoginController.login()
23:14:29.746 [restartedMain] INFO  o.s.w.s.m.m.a.RequestMappingHandlerMapping - [register,543] - Mapped "{[/logout],methods=[GET]}" onto public java.lang.String cn.afterturn.gen.modular.system.controller.LoginController.logOut()
23:14:29.746 [restartedMain] INFO  o.s.w.s.m.m.a.RequestMappingHandlerMapping - [register,543] - Mapped "{[/login],methods=[POST]}" onto public java.lang.String cn.afterturn.gen.modular.system.controller.LoginController.loginVali()
23:14:29.746 [restartedMain] INFO  o.s.w.s.m.m.a.RequestMappingHandlerMapping - [register,543] - Mapped "{[/register],methods=[POST]}" onto public java.lang.String cn.afterturn.gen.modular.system.controller.LoginController.registerVali(java.lang.String,java.lang.String)
23:14:29.746 [restartedMain] INFO  o.s.w.s.m.m.a.RequestMappingHandlerMapping - [register,543] - Mapped "{[/loginLog]}" onto public java.lang.String cn.afterturn.gen.modular.system.controller.LoginLogController.index()
23:14:29.746 [restartedMain] INFO  o.s.w.s.m.m.a.RequestMappingHandlerMapping - [register,543] - Mapped "{[/loginLog/list]}" onto public java.lang.Object cn.afterturn.gen.modular.system.controller.LoginLogController.list(java.lang.String,java.lang.String,java.lang.String)
23:14:29.746 [restartedMain] INFO  o.s.w.s.m.m.a.RequestMappingHandlerMapping - [register,543] - Mapped "{[/loginLog/delLoginLog]}" onto public java.lang.Object cn.afterturn.gen.modular.system.controller.LoginLogController.delLog()
23:14:29.747 [restartedMain] INFO  o.s.w.s.m.m.a.RequestMappingHandlerMapping - [register,543] - Mapped "{[/menu]}" onto public java.lang.String cn.afterturn.gen.modular.system.controller.MenuController.index()
23:14:29.747 [restartedMain] INFO  o.s.w.s.m.m.a.RequestMappingHandlerMapping - [register,543] - Mapped "{[/menu/add]}" onto public cn.afterturn.gen.core.base.tips.Tip cn.afterturn.gen.modular.system.controller.MenuController.add(cn.afterturn.gen.common.persistence.model.Menu,org.springframework.validation.BindingResult)
23:14:29.747 [restartedMain] INFO  o.s.w.s.m.m.a.RequestMappingHandlerMapping - [register,543] - Mapped "{[/menu/remove]}" onto public cn.afterturn.gen.core.base.tips.Tip cn.afterturn.gen.modular.system.controller.MenuController.remove(java.lang.Integer)
23:14:29.747 [restartedMain] INFO  o.s.w.s.m.m.a.RequestMappingHandlerMapping - [register,543] - Mapped "{[/menu/list]}" onto public java.lang.Object cn.afterturn.gen.modular.system.controller.MenuController.list(java.lang.String,java.lang.String)
23:14:29.748 [restartedMain] INFO  o.s.w.s.m.m.a.RequestMappingHandlerMapping - [register,543] - Mapped "{[/menu/view/{menuId}]}" onto public cn.afterturn.gen.core.base.tips.Tip cn.afterturn.gen.modular.system.controller.MenuController.view(java.lang.Integer)
23:14:29.748 [restartedMain] INFO  o.s.w.s.m.m.a.RequestMappingHandlerMapping - [register,543] - Mapped "{[/menu/selectMenuTreeList]}" onto public java.util.List<cn.afterturn.gen.core.node.ZTreeNode> cn.afterturn.gen.modular.system.controller.MenuController.selectMenuTreeList()
23:14:29.748 [restartedMain] INFO  o.s.w.s.m.m.a.RequestMappingHandlerMapping - [register,543] - Mapped "{[/menu/menuTreeListByRoleId/{roleId}]}" onto public java.util.List<cn.afterturn.gen.core.node.ZTreeNode> cn.afterturn.gen.modular.system.controller.MenuController.menuTreeListByRoleId(java.lang.Integer)
23:14:29.748 [restartedMain] INFO  o.s.w.s.m.m.a.RequestMappingHandlerMapping - [register,543] - Mapped "{[/menu/edit]}" onto public cn.afterturn.gen.core.base.tips.Tip cn.afterturn.gen.modular.system.controller.MenuController.edit(cn.afterturn.gen.common.persistence.model.Menu,org.springframework.validation.BindingResult)
23:14:29.748 [restartedMain] INFO  o.s.w.s.m.m.a.RequestMappingHandlerMapping - [register,543] - Mapped "{[/menu/menu_add]}" onto public java.lang.String cn.afterturn.gen.modular.system.controller.MenuController.menuAdd()
23:14:29.748 [restartedMain] INFO  o.s.w.s.m.m.a.RequestMappingHandlerMapping - [register,543] - Mapped "{[/menu/menu_edit/{menuId}]}" onto public java.lang.String cn.afterturn.gen.modular.system.controller.MenuController.menuEdit(java.lang.Integer,org.springframework.ui.Model)
23:14:29.748 [restartedMain] INFO  o.s.w.s.m.m.a.RequestMappingHandlerMapping - [register,543] - Mapped "{[/menu/menuTreeList]}" onto public java.util.List<cn.afterturn.gen.core.node.ZTreeNode> cn.afterturn.gen.modular.system.controller.MenuController.menuTreeList()
23:14:29.749 [restartedMain] INFO  o.s.w.s.m.m.a.RequestMappingHandlerMapping - [register,543] - Mapped "{[/notice]}" onto public java.lang.String cn.afterturn.gen.modular.system.controller.NoticeController.index()
23:14:29.749 [restartedMain] INFO  o.s.w.s.m.m.a.RequestMappingHandlerMapping - [register,543] - Mapped "{[/notice/add]}" onto public java.lang.Object cn.afterturn.gen.modular.system.controller.NoticeController.add(cn.afterturn.gen.common.persistence.model.Notice)
23:14:29.749 [restartedMain] INFO  o.s.w.s.m.m.a.RequestMappingHandlerMapping - [register,543] - Mapped "{[/notice/update]}" onto public java.lang.Object cn.afterturn.gen.modular.system.controller.NoticeController.update(cn.afterturn.gen.common.persistence.model.Notice)
23:14:29.749 [restartedMain] INFO  o.s.w.s.m.m.a.RequestMappingHandlerMapping - [register,543] - Mapped "{[/notice/delete]}" onto public java.lang.Object cn.afterturn.gen.modular.system.controller.NoticeController.delete(java.lang.Integer)
23:14:29.749 [restartedMain] INFO  o.s.w.s.m.m.a.RequestMappingHandlerMapping - [register,543] - Mapped "{[/notice/list]}" onto public java.lang.Object cn.afterturn.gen.modular.system.controller.NoticeController.list(java.lang.String)
23:14:29.749 [restartedMain] INFO  o.s.w.s.m.m.a.RequestMappingHandlerMapping - [register,543] - Mapped "{[/notice/hello]}" onto public java.lang.String cn.afterturn.gen.modular.system.controller.NoticeController.hello()
23:14:29.750 [restartedMain] INFO  o.s.w.s.m.m.a.RequestMappingHandlerMapping - [register,543] - Mapped "{[/notice/notice_update/{noticeId}]}" onto public java.lang.String cn.afterturn.gen.modular.system.controller.NoticeController.noticeUpdate(java.lang.Integer,org.springframework.ui.Model)
23:14:29.750 [restartedMain] INFO  o.s.w.s.m.m.a.RequestMappingHandlerMapping - [register,543] - Mapped "{[/notice/notice_add]}" onto public java.lang.String cn.afterturn.gen.modular.system.controller.NoticeController.noticeAdd()
23:14:29.750 [restartedMain] INFO  o.s.w.s.m.m.a.RequestMappingHandlerMapping - [register,543] - Mapped "{[/role]}" onto public java.lang.String cn.afterturn.gen.modular.system.controller.RoleController.index()
23:14:29.750 [restartedMain] INFO  o.s.w.s.m.m.a.RequestMappingHandlerMapping - [register,543] - Mapped "{[/role/add]}" onto public cn.afterturn.gen.core.base.tips.Tip cn.afterturn.gen.modular.system.controller.RoleController.add(cn.afterturn.gen.common.persistence.model.Role,org.springframework.validation.BindingResult)
23:14:29.751 [restartedMain] INFO  o.s.w.s.m.m.a.RequestMappingHandlerMapping - [register,543] - Mapped "{[/role/remove]}" onto public cn.afterturn.gen.core.base.tips.Tip cn.afterturn.gen.modular.system.controller.RoleController.remove(java.lang.Integer)
23:14:29.751 [restartedMain] INFO  o.s.w.s.m.m.a.RequestMappingHandlerMapping - [register,543] - Mapped "{[/role/list]}" onto public java.lang.Object cn.afterturn.gen.modular.system.controller.RoleController.list(java.lang.String)
23:14:29.751 [restartedMain] INFO  o.s.w.s.m.m.a.RequestMappingHandlerMapping - [register,543] - Mapped "{[/role/view/{roleId}]}" onto public cn.afterturn.gen.core.base.tips.Tip cn.afterturn.gen.modular.system.controller.RoleController.view(java.lang.Integer)
23:14:29.751 [restartedMain] INFO  o.s.w.s.m.m.a.RequestMappingHandlerMapping - [register,543] - Mapped "{[/role/roleTreeListByUserId/{userId}]}" onto public java.util.List<cn.afterturn.gen.core.node.ZTreeNode> cn.afterturn.gen.modular.system.controller.RoleController.roleTreeListByUserId(java.lang.Integer)
23:14:29.751 [restartedMain] INFO  o.s.w.s.m.m.a.RequestMappingHandlerMapping - [register,543] - Mapped "{[/role/edit]}" onto public cn.afterturn.gen.core.base.tips.Tip cn.afterturn.gen.modular.system.controller.RoleController.edit(cn.afterturn.gen.common.persistence.model.Role,org.springframework.validation.BindingResult)
23:14:29.751 [restartedMain] INFO  o.s.w.s.m.m.a.RequestMappingHandlerMapping - [register,543] - Mapped "{[/role/roleTreeList]}" onto public java.util.List<cn.afterturn.gen.core.node.ZTreeNode> cn.afterturn.gen.modular.system.controller.RoleController.roleTreeList()
23:14:29.752 [restartedMain] INFO  o.s.w.s.m.m.a.RequestMappingHandlerMapping - [register,543] - Mapped "{[/role/role_edit/{roleId}]}" onto public java.lang.String cn.afterturn.gen.modular.system.controller.RoleController.roleEdit(java.lang.Integer,org.springframework.ui.Model)
23:14:29.752 [restartedMain] INFO  o.s.w.s.m.m.a.RequestMappingHandlerMapping - [register,543] - Mapped "{[/role/role_add]}" onto public java.lang.String cn.afterturn.gen.modular.system.controller.RoleController.roleAdd()
23:14:29.752 [restartedMain] INFO  o.s.w.s.m.m.a.RequestMappingHandlerMapping - [register,543] - Mapped "{[/role/setAuthority]}" onto public cn.afterturn.gen.core.base.tips.Tip cn.afterturn.gen.modular.system.controller.RoleController.setAuthority(java.lang.Integer,java.lang.String)
23:14:29.752 [restartedMain] INFO  o.s.w.s.m.m.a.RequestMappingHandlerMapping - [register,543] - Mapped "{[/role/role_assign/{roleId}]}" onto public java.lang.String cn.afterturn.gen.modular.system.controller.RoleController.roleAssign(java.lang.Integer,org.springframework.ui.Model)
23:14:29.753 [restartedMain] INFO  o.s.w.s.m.m.a.RequestMappingHandlerMapping - [register,543] - Mapped "{[/mgr]}" onto public java.lang.String cn.afterturn.gen.modular.system.controller.UserMgrController.index()
23:14:29.753 [restartedMain] INFO  o.s.w.s.m.m.a.RequestMappingHandlerMapping - [register,543] - Mapped "{[/mgr/add]}" onto public cn.afterturn.gen.core.base.tips.Tip cn.afterturn.gen.modular.system.controller.UserMgrController.add(cn.afterturn.gen.modular.system.transfer.UserDto,org.springframework.validation.BindingResult)
23:14:29.753 [restartedMain] INFO  o.s.w.s.m.m.a.RequestMappingHandlerMapping - [register,543] - Mapped "{[/mgr/delete]}" onto public cn.afterturn.gen.core.base.tips.Tip cn.afterturn.gen.modular.system.controller.UserMgrController.delete(java.lang.Integer)
23:14:29.753 [restartedMain] INFO  o.s.w.s.m.m.a.RequestMappingHandlerMapping - [register,543] - Mapped "{[/mgr/list]}" onto public java.lang.Object cn.afterturn.gen.modular.system.controller.UserMgrController.list(java.lang.String,java.lang.String,java.lang.String,java.lang.Integer)
23:14:29.753 [restartedMain] INFO  o.s.w.s.m.m.a.RequestMappingHandlerMapping - [register,543] - Mapped "{[/mgr/reset]}" onto public cn.afterturn.gen.core.base.tips.Tip cn.afterturn.gen.modular.system.controller.UserMgrController.reset(java.lang.Integer)
23:14:29.754 [restartedMain] INFO  o.s.w.s.m.m.a.RequestMappingHandlerMapping - [register,543] - Mapped "{[/mgr/user_info]}" onto public java.lang.String cn.afterturn.gen.modular.system.controller.UserMgrController.userInfo(org.springframework.ui.Model)
23:14:29.754 [restartedMain] INFO  o.s.w.s.m.m.a.RequestMappingHandlerMapping - [register,543] - Mapped "{[/mgr/setRole]}" onto public cn.afterturn.gen.core.base.tips.Tip cn.afterturn.gen.modular.system.controller.UserMgrController.setRole(java.lang.Integer,java.lang.String)
23:14:29.754 [restartedMain] INFO  o.s.w.s.m.m.a.RequestMappingHandlerMapping - [register,543] - Mapped "{[/mgr/view/{userId}]}" onto public cn.afterturn.gen.common.persistence.model.User cn.afterturn.gen.modular.system.controller.UserMgrController.view(java.lang.Integer)
23:14:29.754 [restartedMain] INFO  o.s.w.s.m.m.a.RequestMappingHandlerMapping - [register,543] - Mapped "{[/mgr/edit]}" onto public cn.afterturn.gen.core.base.tips.Tip cn.afterturn.gen.modular.system.controller.UserMgrController.edit(cn.afterturn.gen.modular.system.transfer.UserDto,org.springframework.validation.BindingResult) throws javax.naming.NoPermissionException
23:14:29.754 [restartedMain] INFO  o.s.w.s.m.m.a.RequestMappingHandlerMapping - [register,543] - Mapped "{[/mgr/upload],methods=[POST]}" onto public java.lang.String cn.afterturn.gen.modular.system.controller.UserMgrController.upload(org.springframework.web.multipart.MultipartFile)
23:14:29.754 [restartedMain] INFO  o.s.w.s.m.m.a.RequestMappingHandlerMapping - [register,543] - Mapped "{[/mgr/user_chpwd]}" onto public java.lang.String cn.afterturn.gen.modular.system.controller.UserMgrController.chPwd()
23:14:29.754 [restartedMain] INFO  o.s.w.s.m.m.a.RequestMappingHandlerMapping - [register,543] - Mapped "{[/mgr/user_add]}" onto public java.lang.String cn.afterturn.gen.modular.system.controller.UserMgrController.addView()
23:14:29.754 [restartedMain] INFO  o.s.w.s.m.m.a.RequestMappingHandlerMapping - [register,543] - Mapped "{[/mgr/role_assign/{userId}]}" onto public java.lang.String cn.afterturn.gen.modular.system.controller.UserMgrController.roleAssign(java.lang.Integer,org.springframework.ui.Model)
23:14:29.755 [restartedMain] INFO  o.s.w.s.m.m.a.RequestMappingHandlerMapping - [register,543] - Mapped "{[/mgr/user_edit/{userId}]}" onto public java.lang.String cn.afterturn.gen.modular.system.controller.UserMgrController.userEdit(java.lang.Integer,org.springframework.ui.Model)
23:14:29.755 [restartedMain] INFO  o.s.w.s.m.m.a.RequestMappingHandlerMapping - [register,543] - Mapped "{[/mgr/changePwd]}" onto public java.lang.Object cn.afterturn.gen.modular.system.controller.UserMgrController.changePwd(java.lang.String,java.lang.String,java.lang.String)
23:14:29.756 [restartedMain] INFO  o.s.w.s.m.m.a.RequestMappingHandlerMapping - [register,543] - Mapped "{[/mgr/freeze]}" onto public cn.afterturn.gen.core.base.tips.Tip cn.afterturn.gen.modular.system.controller.UserMgrController.freeze(java.lang.Integer)
23:14:29.756 [restartedMain] INFO  o.s.w.s.m.m.a.RequestMappingHandlerMapping - [register,543] - Mapped "{[/mgr/unfreeze]}" onto public cn.afterturn.gen.core.base.tips.Tip cn.afterturn.gen.modular.system.controller.UserMgrController.unfreeze(java.lang.Integer)
23:14:29.757 [restartedMain] INFO  o.s.w.s.m.m.a.RequestMappingHandlerMapping - [register,543] - Mapped "{[/global/sessionError]}" onto public java.lang.String cn.afterturn.gen.core.base.controller.GlobalController.errorPageInfo(org.springframework.ui.Model)
23:14:29.757 [restartedMain] INFO  o.s.w.s.m.m.a.RequestMappingHandlerMapping - [register,543] - Mapped "{[/global/error]}" onto public java.lang.String cn.afterturn.gen.core.base.controller.GlobalController.errorPage()
23:14:29.758 [restartedMain] INFO  o.s.w.s.m.m.a.RequestMappingHandlerMapping - [register,543] - Mapped "{[/error]}" onto public org.springframework.http.ResponseEntity<java.util.Map<java.lang.String, java.lang.Object>> org.springframework.boot.autoconfigure.web.BasicErrorController.error(javax.servlet.http.HttpServletRequest)
23:14:29.758 [restartedMain] INFO  o.s.w.s.m.m.a.RequestMappingHandlerMapping - [register,543] - Mapped "{[/error],produces=[text/html]}" onto public org.springframework.web.servlet.ModelAndView org.springframework.boot.autoconfigure.web.BasicErrorController.errorHtml(javax.servlet.http.HttpServletRequest,javax.servlet.http.HttpServletResponse)
23:14:29.858 [restartedMain] INFO  o.s.w.s.h.SimpleUrlHandlerMapping - [registerHandler,362] - Mapped URL path [/webjars/**] onto handler of type [class org.springframework.web.servlet.resource.ResourceHttpRequestHandler]
23:14:29.858 [restartedMain] INFO  o.s.w.s.h.SimpleUrlHandlerMapping - [registerHandler,362] - Mapped URL path [/static/**] onto handler of type [class org.springframework.web.servlet.resource.ResourceHttpRequestHandler]
23:14:29.886 [restartedMain] INFO  o.s.w.s.m.m.a.ExceptionHandlerExceptionResolver - [initExceptionHandlerAdviceCache,273] - Detected @ExceptionHandler methods in globalExceptionHandler
23:14:29.938 [restartedMain] INFO  o.s.w.s.h.SimpleUrlHandlerMapping - [registerHandler,362] - Mapped URL path [/**/favicon.ico] onto handler of type [class org.springframework.web.servlet.resource.ResourceHttpRequestHandler]
23:14:30.617 [restartedMain] INFO  o.s.u.f.SpringTemplateLoader - [<init>,61] - SpringTemplateLoader for FreeMarker: using resource loader [org.springframework.boot.context.embedded.AnnotationConfigEmbeddedWebApplicationContext@24842c7b: startup date [Wed Sep 20 23:14:22 CST 2023]; root of context hierarchy] and template loader path [classpath:/templates/]
23:14:30.618 [restartedMain] INFO  o.s.w.s.v.f.FreeMarkerConfigurer - [postProcessTemplateLoaders,127] - ClassTemplateLoader for Spring macros added to FreeMarker configuration
23:14:31.041 [restartedMain] INFO  o.s.b.d.a.OptionalLiveReloadServer - [startServer,58] - LiveReload server is running on port 35729
23:14:31.122 [restartedMain] INFO  o.s.j.e.a.AnnotationMBeanExporter - [afterSingletonsInstantiated,431] - Registering beans for JMX exposure on startup
23:14:31.135 [restartedMain] INFO  o.a.c.h.Http11NioProtocol - [log,179] - Initializing ProtocolHandler ["http-nio-7080"]
23:14:31.143 [restartedMain] INFO  o.a.c.h.Http11NioProtocol - [log,179] - Starting ProtocolHandler ["http-nio-7080"]
23:14:31.160 [restartedMain] INFO  o.a.t.u.n.NioSelectorPool - [log,179] - Using a shared selector for servlet write/read
23:14:31.177 [restartedMain] INFO  o.s.b.c.e.t.TomcatEmbeddedServletContainer - [start,198] - Tomcat started on port(s): 7080 (http)
23:14:31.182 [restartedMain] INFO  c.a.g.GenApplication - [logStarted,57] - Started GenApplication in 8.895 seconds (JVM running for 9.684)
23:14:31.182 [restartedMain] INFO  c.a.g.GenApplication - [main,22] - dev center application is success!
23:14:31.182 [restartedMain] INFO  c.a.g.GenApplication - [main,23] - http://localhost:7080
23:14:53.374 [http-nio-7080-exec-3] INFO  o.a.c.c.C.[.[.[/] - [log,179] - Initializing Spring FrameworkServlet 'dispatcherServlet'
23:14:53.374 [http-nio-7080-exec-3] INFO  o.s.w.s.DispatcherServlet - [initServletBean,489] - FrameworkServlet 'dispatcherServlet': initialization started
23:14:53.405 [http-nio-7080-exec-3] INFO  o.s.w.s.DispatcherServlet - [initServletBean,508] - FrameworkServlet 'dispatcherServlet': initialization completed in 30 ms
23:14:53.417 [http-nio-7080-exec-3] INFO  o.a.s.s.m.AbstractValidatingSessionManager - [enableSessionValidation,233] - Enabling session validation scheduler...
23:29:53.432 [SessionValidationThread-1] INFO  o.a.s.s.m.AbstractValidatingSessionManager - [validateSessions,275] - Validating all active sessions...
23:29:53.433 [SessionValidationThread-1] INFO  o.a.s.s.m.AbstractValidatingSessionManager - [validateSessions,308] - Finished session validation.  No sessions were stopped.
23:44:53.432 [SessionValidationThread-1] INFO  o.a.s.s.m.AbstractValidatingSessionManager - [validateSessions,275] - Validating all active sessions...
23:44:53.432 [SessionValidationThread-1] INFO  o.a.s.s.m.AbstractValidatingSessionManager - [validateSessions,308] - Finished session validation.  No sessions were stopped.
23:59:53.433 [SessionValidationThread-1] INFO  o.a.s.s.m.AbstractValidatingSessionManager - [validateSessions,275] - Validating all active sessions...
23:59:53.441 [SessionValidationThread-1] INFO  o.a.s.s.m.AbstractValidatingSessionManager - [validateSessions,308] - Finished session validation.  [1] sessions were stopped.
