14:08:46.179 [restartedMain] INFO  c.a.g.GenApplication - [logStarting,48] - Starting GenApplication on PS2022DXPOWVNC with PID 19308 (started by Admin in D:\e\code\代码自动生成\开发中心\dev-center)
14:08:46.187 [restartedMain] INFO  c.a.g.GenApplication - [logStartupProfileInfo,641] - The following profiles are active: dev
14:08:46.223 [restartedMain] INFO  o.s.b.c.e.AnnotationConfigEmbeddedWebApplicationContext - [prepareRefresh,582] - Refreshing org.springframework.boot.context.embedded.AnnotationConfigEmbeddedWebApplicationContext@7267b9fe: startup date [Wed Jun 12 14:08:46 CST 2024]; root of context hierarchy
14:08:46.455 [background-preinit] INFO  o.h.v.i.util.Version - [<clinit>,30] - HV000001: Hibernate Validator 5.3.5.Final
14:08:47.300 [restartedMain] INFO  o.s.d.r.c.RepositoryConfigurationDelegate - [multipleStoresDetected,165] - Multiple Spring Data modules found, entering strict repository configuration mode!
14:08:47.724 [restartedMain] INFO  o.s.c.s.PostProcessorRegistrationDelegate$BeanPostProcessorChecker - [postProcessAfterInitialization,325] - Bean 'shiroConfig' of type [cn.afterturn.gen.config.web.ShiroConfig$$EnhancerBySpringCGLIB$$e6c8ddf2] is not eligible for getting processed by all BeanPostProcessors (for example: not eligible for auto-proxying)
14:08:47.775 [restartedMain] INFO  o.s.c.s.PostProcessorRegistrationDelegate$BeanPostProcessorChecker - [postProcessAfterInitialization,325] - Bean 'webConfig' of type [cn.afterturn.gen.config.web.WebConfig$$EnhancerBySpringCGLIB$$9ace675] is not eligible for getting processed by all BeanPostProcessors (for example: not eligible for auto-proxying)
14:08:47.791 [restartedMain] INFO  o.s.c.s.PostProcessorRegistrationDelegate$BeanPostProcessorChecker - [postProcessAfterInitialization,325] - Bean 'rememberMeCookie' of type [org.apache.shiro.web.servlet.SimpleCookie] is not eligible for getting processed by all BeanPostProcessors (for example: not eligible for auto-proxying)
14:08:48.789 [restartedMain] INFO  o.s.c.s.PostProcessorRegistrationDelegate$BeanPostProcessorChecker - [postProcessAfterInitialization,325] - Bean 'rememberMeManager' of type [org.apache.shiro.web.mgt.CookieRememberMeManager] is not eligible for getting processed by all BeanPostProcessors (for example: not eligible for auto-proxying)
14:08:48.793 [restartedMain] INFO  o.s.c.s.PostProcessorRegistrationDelegate$BeanPostProcessorChecker - [postProcessAfterInitialization,325] - Bean 'ehCacheConfig' of type [cn.afterturn.gen.config.EhCacheConfig$$EnhancerBySpringCGLIB$$7ad7d53a] is not eligible for getting processed by all BeanPostProcessors (for example: not eligible for auto-proxying)
14:08:48.798 [restartedMain] INFO  o.s.c.e.EhCacheManagerFactoryBean - [afterPropertiesSet,130] - Initializing EhCache CacheManager
14:08:48.871 [restartedMain] INFO  o.s.c.s.PostProcessorRegistrationDelegate$BeanPostProcessorChecker - [postProcessAfterInitialization,325] - Bean 'ehcache' of type [org.springframework.cache.ehcache.EhCacheManagerFactoryBean] is not eligible for getting processed by all BeanPostProcessors (for example: not eligible for auto-proxying)
14:08:48.875 [restartedMain] INFO  o.s.c.s.PostProcessorRegistrationDelegate$BeanPostProcessorChecker - [postProcessAfterInitialization,325] - Bean 'getCacheShiroManager' of type [org.apache.shiro.cache.ehcache.EhCacheManager] is not eligible for getting processed by all BeanPostProcessors (for example: not eligible for auto-proxying)
14:08:48.970 [restartedMain] INFO  o.s.c.s.PostProcessorRegistrationDelegate$BeanPostProcessorChecker - [postProcessAfterInitialization,325] - Bean 'gunsProperties' of type [cn.afterturn.gen.config.properties.GunsProperties] is not eligible for getting processed by all BeanPostProcessors (for example: not eligible for auto-proxying)
14:08:48.982 [restartedMain] INFO  o.s.c.s.PostProcessorRegistrationDelegate$BeanPostProcessorChecker - [postProcessAfterInitialization,325] - Bean 'defaultWebSessionManager' of type [org.apache.shiro.web.session.mgt.DefaultWebSessionManager] is not eligible for getting processed by all BeanPostProcessors (for example: not eligible for auto-proxying)
14:08:49.002 [restartedMain] INFO  o.s.c.s.PostProcessorRegistrationDelegate$BeanPostProcessorChecker - [postProcessAfterInitialization,325] - Bean 'shiroDbRealm' of type [cn.afterturn.gen.core.shiro.ShiroDbRealm] is not eligible for getting processed by all BeanPostProcessors (for example: not eligible for auto-proxying)
14:08:49.003 [restartedMain] INFO  o.a.s.c.e.EhCacheManager - [getCache,158] - Cache with name 'cn.afterturn.gen.core.shiro.ShiroDbRealm.authorizationCache' does not yet exist.  Creating now.
14:08:49.005 [restartedMain] INFO  o.a.s.c.e.EhCacheManager - [getCache,165] - Added EhCache named [cn.afterturn.gen.core.shiro.ShiroDbRealm.authorizationCache]
14:08:49.016 [restartedMain] INFO  o.s.c.s.PostProcessorRegistrationDelegate$BeanPostProcessorChecker - [postProcessAfterInitialization,325] - Bean 'securityManager' of type [org.apache.shiro.web.mgt.DefaultWebSecurityManager] is not eligible for getting processed by all BeanPostProcessors (for example: not eligible for auto-proxying)
14:08:49.022 [restartedMain] INFO  o.s.c.s.PostProcessorRegistrationDelegate$BeanPostProcessorChecker - [postProcessAfterInitialization,325] - Bean 'methodInvokingFactoryBean' of type [org.springframework.beans.factory.config.MethodInvokingFactoryBean] is not eligible for getting processed by all BeanPostProcessors (for example: not eligible for auto-proxying)
14:08:49.068 [restartedMain] INFO  o.s.c.s.PostProcessorRegistrationDelegate$BeanPostProcessorChecker - [postProcessAfterInitialization,325] - Bean 'authorizationAttributeSourceAdvisor' of type [org.apache.shiro.spring.security.interceptor.AuthorizationAttributeSourceAdvisor] is not eligible for getting processed by all BeanPostProcessors (for example: not eligible for auto-proxying)
14:08:49.072 [restartedMain] INFO  o.s.c.s.PostProcessorRegistrationDelegate$BeanPostProcessorChecker - [postProcessAfterInitialization,325] - Bean 'druidStatPointcut' of type [org.springframework.aop.support.JdkRegexpMethodPointcut] is not eligible for getting processed by all BeanPostProcessors (for example: not eligible for auto-proxying)
14:08:49.082 [restartedMain] INFO  o.s.c.s.PostProcessorRegistrationDelegate$BeanPostProcessorChecker - [postProcessAfterInitialization,325] - Bean 'druidStatInterceptor' of type [com.alibaba.druid.support.spring.stat.DruidStatInterceptor] is not eligible for getting processed by all BeanPostProcessors (for example: not eligible for auto-proxying)
14:08:49.086 [restartedMain] INFO  o.s.c.s.PostProcessorRegistrationDelegate$BeanPostProcessorChecker - [postProcessAfterInitialization,325] - Bean 'druidStatAdvisor' of type [org.springframework.aop.support.DefaultPointcutAdvisor] is not eligible for getting processed by all BeanPostProcessors (for example: not eligible for auto-proxying)
14:08:49.131 [restartedMain] INFO  o.s.c.s.PostProcessorRegistrationDelegate$BeanPostProcessorChecker - [postProcessAfterInitialization,325] - Bean 'org.springframework.transaction.annotation.ProxyTransactionManagementConfiguration' of type [org.springframework.transaction.annotation.ProxyTransactionManagementConfiguration$$EnhancerBySpringCGLIB$$4c87544a] is not eligible for getting processed by all BeanPostProcessors (for example: not eligible for auto-proxying)
14:08:49.332 [restartedMain] INFO  o.s.c.s.PostProcessorRegistrationDelegate$BeanPostProcessorChecker - [postProcessAfterInitialization,325] - Bean 'org.springframework.cache.annotation.ProxyCachingConfiguration' of type [org.springframework.cache.annotation.ProxyCachingConfiguration$$EnhancerBySpringCGLIB$$95998a68] is not eligible for getting processed by all BeanPostProcessors (for example: not eligible for auto-proxying)
14:08:49.791 [restartedMain] INFO  o.s.b.c.e.t.TomcatEmbeddedServletContainer - [initialize,89] - Tomcat initialized with port(s): 7080 (http)
14:08:49.799 [restartedMain] INFO  o.a.c.c.StandardService - [log,179] - Starting service Tomcat
14:08:49.799 [restartedMain] INFO  o.a.c.c.StandardEngine - [log,179] - Starting Servlet Engine: Apache Tomcat/8.5.14
14:08:49.875 [localhost-startStop-1] INFO  o.a.c.c.C.[.[.[/] - [log,179] - Initializing Spring embedded WebApplicationContext
14:08:49.875 [localhost-startStop-1] INFO  o.s.w.c.ContextLoader - [prepareEmbeddedWebApplicationContext,276] - Root WebApplicationContext: initialization completed in 3652 ms
14:08:50.216 [localhost-startStop-1] INFO  o.s.b.w.s.ServletRegistrationBean - [onStartup,190] - Mapping servlet: 'statViewServlet' to [/druid/*]
14:08:50.218 [localhost-startStop-1] INFO  o.s.b.w.s.ServletRegistrationBean - [onStartup,190] - Mapping servlet: 'dispatcherServlet' to [/]
14:08:50.223 [localhost-startStop-1] INFO  o.s.b.w.s.FilterRegistrationBean - [configure,258] - Mapping filter: 'characterEncodingFilter' to: [/*]
14:08:50.223 [localhost-startStop-1] INFO  o.s.b.w.s.FilterRegistrationBean - [configure,258] - Mapping filter: 'hiddenHttpMethodFilter' to: [/*]
14:08:50.224 [localhost-startStop-1] INFO  o.s.b.w.s.FilterRegistrationBean - [configure,258] - Mapping filter: 'httpPutFormContentFilter' to: [/*]
14:08:50.224 [localhost-startStop-1] INFO  o.s.b.w.s.FilterRegistrationBean - [configure,258] - Mapping filter: 'requestContextFilter' to: [/*]
14:08:50.224 [localhost-startStop-1] INFO  o.s.b.w.s.FilterRegistrationBean - [configure,271] - Mapping filter: 'webStatFilter' to urls: [/*]
14:08:50.224 [localhost-startStop-1] INFO  o.s.b.w.s.FilterRegistrationBean - [configure,271] - Mapping filter: 'xssFilter' to urls: [/*]
14:08:50.224 [localhost-startStop-1] INFO  o.s.b.w.s.FilterRegistrationBean - [configure,258] - Mapping filter: 'shiroFilter' to: [/*]
14:08:51.132 [restartedMain] INFO  c.a.d.p.DruidDataSource - [init,785] - {dataSource-1} inited
14:08:53.560 [restartedMain] INFO  o.s.w.s.m.m.a.RequestMappingHandlerAdapter - [initControllerAdviceCache,534] - Looking for @ControllerAdvice: org.springframework.boot.context.embedded.AnnotationConfigEmbeddedWebApplicationContext@7267b9fe: startup date [Wed Jun 12 14:08:46 CST 2024]; root of context hierarchy
14:08:53.677 [restartedMain] INFO  o.s.w.s.m.m.a.RequestMappingHandlerMapping - [register,543] - Mapped "{[/dbinfo]}" onto public java.lang.String cn.afterturn.gen.modular.code.controller.DbInfoController.index()
14:08:53.679 [restartedMain] INFO  o.s.w.s.m.m.a.RequestMappingHandlerMapping - [register,543] - Mapped "{[/dbinfo/add]}" onto public java.lang.Object cn.afterturn.gen.modular.code.controller.DbInfoController.add(cn.afterturn.gen.modular.code.model.DbInfoModel)
14:08:53.679 [restartedMain] INFO  o.s.w.s.m.m.a.RequestMappingHandlerMapping - [register,543] - Mapped "{[/dbinfo/update]}" onto public java.lang.Object cn.afterturn.gen.modular.code.controller.DbInfoController.update(cn.afterturn.gen.modular.code.model.DbInfoModel)
14:08:53.679 [restartedMain] INFO  o.s.w.s.m.m.a.RequestMappingHandlerMapping - [register,543] - Mapped "{[/dbinfo/delete]}" onto public java.lang.Object cn.afterturn.gen.modular.code.controller.DbInfoController.delete(java.lang.Integer)
14:08:53.679 [restartedMain] INFO  o.s.w.s.m.m.a.RequestMappingHandlerMapping - [register,543] - Mapped "{[/dbinfo/list]}" onto public java.lang.Object cn.afterturn.gen.modular.code.controller.DbInfoController.list(cn.afterturn.gen.modular.code.model.DbInfoModel)
14:08:53.680 [restartedMain] INFO  o.s.w.s.m.m.a.RequestMappingHandlerMapping - [register,543] - Mapped "{[/dbinfo/goto_update/{id}]}" onto public java.lang.String cn.afterturn.gen.modular.code.controller.DbInfoController.DbInfoUpdate(java.lang.Integer,org.springframework.ui.Model)
14:08:53.680 [restartedMain] INFO  o.s.w.s.m.m.a.RequestMappingHandlerMapping - [register,543] - Mapped "{[/dbinfo/queryAll]}" onto public java.lang.Object cn.afterturn.gen.modular.code.controller.DbInfoController.queryAll(cn.afterturn.gen.modular.code.model.DbInfoModel)
14:08:53.680 [restartedMain] INFO  o.s.w.s.m.m.a.RequestMappingHandlerMapping - [register,543] - Mapped "{[/dbinfo/goto_add]}" onto public java.lang.String cn.afterturn.gen.modular.code.controller.DbInfoController.DbInfoAdd()
14:08:53.680 [restartedMain] INFO  o.s.w.s.m.m.a.RequestMappingHandlerMapping - [register,543] - Mapped "{[/dbinfo/detail]}" onto public java.lang.Object cn.afterturn.gen.modular.code.controller.DbInfoController.detail(cn.afterturn.gen.modular.code.model.DbInfoModel)
14:08:53.681 [restartedMain] INFO  o.s.w.s.m.m.a.RequestMappingHandlerMapping - [register,543] - Mapped "{[/eolink/review_code_api]}" onto public java.lang.String cn.afterturn.gen.modular.code.controller.EolinkController.data(java.lang.String,java.lang.String,org.springframework.ui.Model)
14:08:53.684 [restartedMain] INFO  o.s.w.s.m.m.a.RequestMappingHandlerMapping - [register,543] - Mapped "{[/code]}" onto public java.lang.String cn.afterturn.gen.modular.code.controller.GenController.index(org.springframework.ui.Model)
14:08:53.684 [restartedMain] INFO  o.s.w.s.m.m.a.RequestMappingHandlerMapping - [register,543] - Mapped "{[/code/queryTables]}" onto public cn.afterturn.gen.core.model.ResponseModel cn.afterturn.gen.modular.code.controller.GenController.queryTables(cn.afterturn.gen.modular.code.model.DbInfoModel,java.lang.String,cn.afterturn.gen.core.model.RequestModel)
14:08:53.684 [restartedMain] INFO  o.s.w.s.m.m.a.RequestMappingHandlerMapping - [register,543] - Mapped "{[/code/genCode]}" onto public void cn.afterturn.gen.modular.code.controller.GenController.genCode(cn.afterturn.gen.modular.code.model.DbInfoModel,java.lang.String,java.lang.String,java.lang.String,java.lang.String,cn.afterturn.gen.core.model.GenerationEntity,javax.servlet.http.HttpServletRequest,javax.servlet.http.HttpServletResponse)
14:08:53.684 [restartedMain] INFO  o.s.w.s.m.m.a.RequestMappingHandlerMapping - [register,543] - Mapped "{[/code/tableGen/{id}]}" onto public java.lang.String cn.afterturn.gen.modular.code.controller.GenController.tableGen(org.springframework.ui.Model,java.lang.Integer)
14:08:53.684 [restartedMain] INFO  o.s.w.s.m.m.a.RequestMappingHandlerMapping - [register,543] - Mapped "{[/code/genTableCode]}" onto public void cn.afterturn.gen.modular.code.controller.GenController.genTableCode(java.lang.Integer,java.lang.String,java.lang.String,cn.afterturn.gen.core.model.GenerationEntity,javax.servlet.http.HttpServletRequest,javax.servlet.http.HttpServletResponse)
14:08:53.684 [restartedMain] INFO  o.s.w.s.m.m.a.RequestMappingHandlerMapping - [register,543] - Mapped "{[/code/review_code]}" onto public java.lang.String cn.afterturn.gen.modular.code.controller.GenController.reviewCode(java.lang.Integer,cn.afterturn.gen.core.model.GenerationEntity,javax.servlet.http.HttpServletRequest,org.springframework.ui.Model)
14:08:53.685 [restartedMain] INFO  o.s.w.s.m.m.a.RequestMappingHandlerMapping - [register,543] - Mapped "{[/code/review_code_eolink]}" onto public java.lang.String cn.afterturn.gen.modular.code.controller.GenController.reviewCodeEolink(java.lang.Integer,java.lang.Integer,cn.afterturn.gen.core.model.GenerationEntity,javax.servlet.http.HttpServletRequest,org.springframework.ui.Model)
14:08:53.685 [restartedMain] INFO  o.s.w.s.m.m.a.RequestMappingHandlerMapping - [register,543] - Mapped "{[/code/queryDatabases]}" onto public cn.afterturn.gen.core.model.ResponseModel cn.afterturn.gen.modular.code.controller.GenController.queryDatabase(cn.afterturn.gen.modular.code.model.DbInfoModel,cn.afterturn.gen.core.model.RequestModel)
14:08:53.685 [restartedMain] INFO  o.s.w.s.m.m.a.RequestMappingHandlerMapping - [register,543] - Mapped "{[/code/review_code_api_input]}" onto public java.lang.String cn.afterturn.gen.modular.code.controller.GenController.reviewCodeApi()
14:08:53.685 [restartedMain] INFO  o.s.w.s.m.m.a.RequestMappingHandlerMapping - [register,543] - Mapped "{[/code/review_code_backend]}" onto public java.lang.String cn.afterturn.gen.modular.code.controller.GenController.reviewCodeBackend(java.lang.Integer,java.lang.Integer,cn.afterturn.gen.core.model.GenerationEntity,javax.servlet.http.HttpServletRequest,org.springframework.ui.Model)
14:08:53.685 [restartedMain] INFO  o.s.w.s.m.m.a.RequestMappingHandlerMapping - [register,543] - Mapped "{[/code/push_eolink]}" onto public cn.afterturn.gen.core.model.ResponseModel cn.afterturn.gen.modular.code.controller.GenController.reviewCodePushEolink(java.lang.Integer,cn.afterturn.gen.core.model.GenerationEntity,javax.servlet.http.HttpServletRequest,org.springframework.ui.Model) throws org.eclipse.jgit.api.errors.GitAPIException,java.io.IOException
14:08:53.685 [restartedMain] INFO  o.s.w.s.m.m.a.RequestMappingHandlerMapping - [register,543] - Mapped "{[/code/review_code_frontend]}" onto public java.lang.String cn.afterturn.gen.modular.code.controller.GenController.reviewCodeFrontend(java.lang.Integer,java.lang.Integer,cn.afterturn.gen.core.model.GenerationEntity,javax.servlet.http.HttpServletRequest,org.springframework.ui.Model)
14:08:53.685 [restartedMain] INFO  o.s.w.s.m.m.a.RequestMappingHandlerMapping - [register,543] - Mapped "{[/code/review_code/swagger.json]}" onto public java.lang.Object cn.afterturn.gen.modular.code.controller.GenController.reviewCodeSwaggerJson(java.lang.Integer,cn.afterturn.gen.core.model.GenerationEntity,javax.servlet.http.HttpServletRequest,org.springframework.ui.Model) throws org.eclipse.jgit.api.errors.GitAPIException,java.io.IOException
14:08:53.687 [restartedMain] INFO  o.s.w.s.m.m.a.RequestMappingHandlerMapping - [register,543] - Mapped "{[/genparam]}" onto public java.lang.String cn.afterturn.gen.modular.code.controller.GenParamController.index()
14:08:53.687 [restartedMain] INFO  o.s.w.s.m.m.a.RequestMappingHandlerMapping - [register,543] - Mapped "{[/genparam/add]}" onto public java.lang.Object cn.afterturn.gen.modular.code.controller.GenParamController.add(cn.afterturn.gen.modular.code.model.GenParamModel)
14:08:53.688 [restartedMain] INFO  o.s.w.s.m.m.a.RequestMappingHandlerMapping - [register,543] - Mapped "{[/genparam/update]}" onto public java.lang.Object cn.afterturn.gen.modular.code.controller.GenParamController.update(cn.afterturn.gen.modular.code.model.GenParamModel)
14:08:53.688 [restartedMain] INFO  o.s.w.s.m.m.a.RequestMappingHandlerMapping - [register,543] - Mapped "{[/genparam/delete]}" onto public java.lang.Object cn.afterturn.gen.modular.code.controller.GenParamController.delete(java.lang.Integer)
14:08:53.688 [restartedMain] INFO  o.s.w.s.m.m.a.RequestMappingHandlerMapping - [register,543] - Mapped "{[/genparam/list]}" onto public java.lang.Object cn.afterturn.gen.modular.code.controller.GenParamController.list(cn.afterturn.gen.modular.code.model.GenParamModel)
14:08:53.688 [restartedMain] INFO  o.s.w.s.m.m.a.RequestMappingHandlerMapping - [register,543] - Mapped "{[/genparam/detail]}" onto public java.lang.Object cn.afterturn.gen.modular.code.controller.GenParamController.detail(cn.afterturn.gen.modular.code.model.GenParamModel)
14:08:53.689 [restartedMain] INFO  o.s.w.s.m.m.a.RequestMappingHandlerMapping - [register,543] - Mapped "{[/genparam/goto_add]}" onto public java.lang.String cn.afterturn.gen.modular.code.controller.GenParamController.GenParamAdd()
14:08:53.689 [restartedMain] INFO  o.s.w.s.m.m.a.RequestMappingHandlerMapping - [register,543] - Mapped "{[/genparam/goto_update/{id}]}" onto public java.lang.String cn.afterturn.gen.modular.code.controller.GenParamController.GenParamUpdate(java.lang.Integer,org.springframework.ui.Model)
14:08:53.689 [restartedMain] INFO  o.s.w.s.m.m.a.RequestMappingHandlerMapping - [register,543] - Mapped "{[/share/clone/{groupId}],methods=[GET]}" onto public java.lang.String cn.afterturn.gen.modular.code.controller.ShareController.clone(java.lang.String,org.springframework.ui.Model)
14:08:53.689 [restartedMain] INFO  o.s.w.s.m.m.a.RequestMappingHandlerMapping - [register,543] - Mapped "{[/share/detail/{groupId}],methods=[GET]}" onto public java.lang.String cn.afterturn.gen.modular.code.controller.ShareController.sharedetail(java.lang.String,org.springframework.ui.Model)
14:08:53.690 [restartedMain] INFO  o.s.w.s.m.m.a.RequestMappingHandlerMapping - [register,543] - Mapped "{[/share],methods=[GET]}" onto public java.lang.String cn.afterturn.gen.modular.code.controller.ShareController.share()
14:08:53.690 [restartedMain] INFO  o.s.w.s.m.m.a.RequestMappingHandlerMapping - [register,543] - Mapped "{[/tablebasefield]}" onto public java.lang.String cn.afterturn.gen.modular.code.controller.TableBaseFieldController.index()
14:08:53.691 [restartedMain] INFO  o.s.w.s.m.m.a.RequestMappingHandlerMapping - [register,543] - Mapped "{[/tablebasefield/add]}" onto public java.lang.Object cn.afterturn.gen.modular.code.controller.TableBaseFieldController.add(cn.afterturn.gen.modular.code.model.TableBaseFieldModel,cn.afterturn.gen.modular.code.model.TableFieldModel,cn.afterturn.gen.modular.code.model.TableFieldVerifyModel)
14:08:53.691 [restartedMain] INFO  o.s.w.s.m.m.a.RequestMappingHandlerMapping - [register,543] - Mapped "{[/tablebasefield/update]}" onto public java.lang.Object cn.afterturn.gen.modular.code.controller.TableBaseFieldController.update(cn.afterturn.gen.modular.code.model.TableBaseFieldModel,cn.afterturn.gen.modular.code.model.TableFieldModel,cn.afterturn.gen.modular.code.model.TableFieldVerifyModel)
14:08:53.691 [restartedMain] INFO  o.s.w.s.m.m.a.RequestMappingHandlerMapping - [register,543] - Mapped "{[/tablebasefield/delete]}" onto public java.lang.Object cn.afterturn.gen.modular.code.controller.TableBaseFieldController.delete(java.lang.Integer)
14:08:53.691 [restartedMain] INFO  o.s.w.s.m.m.a.RequestMappingHandlerMapping - [register,543] - Mapped "{[/tablebasefield/list]}" onto public java.lang.Object cn.afterturn.gen.modular.code.controller.TableBaseFieldController.list(cn.afterturn.gen.modular.code.model.TableBaseFieldModel,javax.servlet.http.HttpServletRequest,javax.servlet.http.HttpServletResponse)
14:08:53.691 [restartedMain] INFO  o.s.w.s.m.m.a.RequestMappingHandlerMapping - [register,543] - Mapped "{[/tablebasefield/detail]}" onto public java.lang.Object cn.afterturn.gen.modular.code.controller.TableBaseFieldController.detail(cn.afterturn.gen.modular.code.model.TableBaseFieldModel)
14:08:53.691 [restartedMain] INFO  o.s.w.s.m.m.a.RequestMappingHandlerMapping - [register,543] - Mapped "{[/tablebasefield/goto_update/{id}]}" onto public java.lang.String cn.afterturn.gen.modular.code.controller.TableBaseFieldController.gotoUpdate(java.lang.Integer,org.springframework.ui.Model)
14:08:53.692 [restartedMain] INFO  o.s.w.s.m.m.a.RequestMappingHandlerMapping - [register,543] - Mapped "{[/tablebasefield/goto_add]}" onto public java.lang.String cn.afterturn.gen.modular.code.controller.TableBaseFieldController.gotoAdd()
14:08:53.692 [restartedMain] INFO  o.s.w.s.m.m.a.RequestMappingHandlerMapping - [register,543] - Mapped "{[/tablefield]}" onto public java.lang.String cn.afterturn.gen.modular.code.controller.TableFieldController.index()
14:08:53.692 [restartedMain] INFO  o.s.w.s.m.m.a.RequestMappingHandlerMapping - [register,543] - Mapped "{[/tablefield/add]}" onto public java.lang.Object cn.afterturn.gen.modular.code.controller.TableFieldController.add(cn.afterturn.gen.modular.code.model.TableFieldModel)
14:08:53.693 [restartedMain] INFO  o.s.w.s.m.m.a.RequestMappingHandlerMapping - [register,543] - Mapped "{[/tablefield/update]}" onto public java.lang.Object cn.afterturn.gen.modular.code.controller.TableFieldController.update(cn.afterturn.gen.modular.code.model.TableFieldModel)
14:08:53.693 [restartedMain] INFO  o.s.w.s.m.m.a.RequestMappingHandlerMapping - [register,543] - Mapped "{[/tablefield/delete]}" onto public java.lang.Object cn.afterturn.gen.modular.code.controller.TableFieldController.delete(java.lang.Integer)
14:08:53.693 [restartedMain] INFO  o.s.w.s.m.m.a.RequestMappingHandlerMapping - [register,543] - Mapped "{[/tablefield/list]}" onto public java.lang.Object cn.afterturn.gen.modular.code.controller.TableFieldController.list(cn.afterturn.gen.modular.code.model.TableFieldModel)
14:08:53.693 [restartedMain] INFO  o.s.w.s.m.m.a.RequestMappingHandlerMapping - [register,543] - Mapped "{[/tablefield/detail]}" onto public java.lang.Object cn.afterturn.gen.modular.code.controller.TableFieldController.detail(cn.afterturn.gen.modular.code.model.TableFieldModel)
14:08:53.693 [restartedMain] INFO  o.s.w.s.m.m.a.RequestMappingHandlerMapping - [register,543] - Mapped "{[/tablefield/goto_add]}" onto public java.lang.String cn.afterturn.gen.modular.code.controller.TableFieldController.TableFieldAdd()
14:08:53.694 [restartedMain] INFO  o.s.w.s.m.m.a.RequestMappingHandlerMapping - [register,543] - Mapped "{[/tablefield/goto_update/{id}]}" onto public java.lang.String cn.afterturn.gen.modular.code.controller.TableFieldController.TableFieldUpdate(java.lang.Integer,org.springframework.ui.Model)
14:08:53.695 [restartedMain] INFO  o.s.w.s.m.m.a.RequestMappingHandlerMapping - [register,543] - Mapped "{[/tableinfo]}" onto public java.lang.String cn.afterturn.gen.modular.code.controller.TableInfoController.index()
14:08:53.695 [restartedMain] INFO  o.s.w.s.m.m.a.RequestMappingHandlerMapping - [register,543] - Mapped "{[/tableinfo/add]}" onto public java.lang.Object cn.afterturn.gen.modular.code.controller.TableInfoController.add(cn.afterturn.gen.modular.code.model.TableInfoModel)
14:08:53.695 [restartedMain] INFO  o.s.w.s.m.m.a.RequestMappingHandlerMapping - [register,543] - Mapped "{[/tableinfo/update]}" onto public java.lang.Object cn.afterturn.gen.modular.code.controller.TableInfoController.update(cn.afterturn.gen.modular.code.model.TableInfoModel)
14:08:53.695 [restartedMain] INFO  o.s.w.s.m.m.a.RequestMappingHandlerMapping - [register,543] - Mapped "{[/tableinfo/delete]}" onto public java.lang.Object cn.afterturn.gen.modular.code.controller.TableInfoController.delete(java.lang.Integer)
14:08:53.695 [restartedMain] INFO  o.s.w.s.m.m.a.RequestMappingHandlerMapping - [register,543] - Mapped "{[/tableinfo/list]}" onto public java.lang.Object cn.afterturn.gen.modular.code.controller.TableInfoController.list(cn.afterturn.gen.modular.code.model.TableInfoModel)
14:08:53.695 [restartedMain] INFO  o.s.w.s.m.m.a.RequestMappingHandlerMapping - [register,543] - Mapped "{[/tableinfo/detail]}" onto public java.lang.Object cn.afterturn.gen.modular.code.controller.TableInfoController.detail(cn.afterturn.gen.modular.code.model.TableInfoModel)
14:08:53.696 [restartedMain] INFO  o.s.w.s.m.m.a.RequestMappingHandlerMapping - [register,543] - Mapped "{[/tableinfo/goto_sqlimport]}" onto public java.lang.String cn.afterturn.gen.modular.code.controller.TableInfoController.tableInfoSQLImport()
14:08:53.696 [restartedMain] INFO  o.s.w.s.m.m.a.RequestMappingHandlerMapping - [register,543] - Mapped "{[/tableinfo/goto_dbimport]}" onto public java.lang.String cn.afterturn.gen.modular.code.controller.TableInfoController.tableInfoDbImport()
14:08:53.696 [restartedMain] INFO  o.s.w.s.m.m.a.RequestMappingHandlerMapping - [register,543] - Mapped "{[/tableinfo/goto_add]}" onto public java.lang.String cn.afterturn.gen.modular.code.controller.TableInfoController.tableInfoAdd(org.springframework.ui.Model)
14:08:53.696 [restartedMain] INFO  o.s.w.s.m.m.a.RequestMappingHandlerMapping - [register,543] - Mapped "{[/tableinfo/goto_update/{id}]}" onto public java.lang.String cn.afterturn.gen.modular.code.controller.TableInfoController.tableInfoUpdate(java.lang.Integer,org.springframework.ui.Model)
14:08:53.697 [restartedMain] INFO  o.s.w.s.m.m.a.RequestMappingHandlerMapping - [register,543] - Mapped "{[/tableinfo/dbimport]}" onto public java.lang.Object cn.afterturn.gen.modular.code.controller.TableInfoController.dbImport(cn.afterturn.gen.modular.code.model.DbInfoModel,java.lang.String,java.lang.String)
14:08:53.697 [restartedMain] INFO  o.s.w.s.m.m.a.RequestMappingHandlerMapping - [register,543] - Mapped "{[/tableinfo/genDoc]}" onto public java.lang.String cn.afterturn.gen.modular.code.controller.TableInfoController.genDoc(org.springframework.ui.ModelMap)
14:08:53.697 [restartedMain] INFO  o.s.w.s.m.m.a.RequestMappingHandlerMapping - [register,543] - Mapped "{[/tableinfo/sqlimport]}" onto public java.lang.Object cn.afterturn.gen.modular.code.controller.TableInfoController.sqlImport(java.lang.String,java.lang.String)
14:08:53.699 [restartedMain] INFO  o.s.w.s.m.m.a.RequestMappingHandlerMapping - [register,543] - Mapped "{[/tableserviceconfig]}" onto public java.lang.String cn.afterturn.gen.modular.code.controller.TableServiceConfigController.index()
14:08:53.699 [restartedMain] INFO  o.s.w.s.m.m.a.RequestMappingHandlerMapping - [register,543] - Mapped "{[/tableserviceconfig/add]}" onto public java.lang.Object cn.afterturn.gen.modular.code.controller.TableServiceConfigController.add(cn.afterturn.gen.modular.code.model.TableServiceConfigModel)
14:08:53.700 [restartedMain] INFO  o.s.w.s.m.m.a.RequestMappingHandlerMapping - [register,543] - Mapped "{[/tableserviceconfig/update]}" onto public java.lang.Object cn.afterturn.gen.modular.code.controller.TableServiceConfigController.update(cn.afterturn.gen.modular.code.model.TableServiceConfigModel)
14:08:53.700 [restartedMain] INFO  o.s.w.s.m.m.a.RequestMappingHandlerMapping - [register,543] - Mapped "{[/tableserviceconfig/delete]}" onto public java.lang.Object cn.afterturn.gen.modular.code.controller.TableServiceConfigController.delete(java.lang.Integer)
14:08:53.700 [restartedMain] INFO  o.s.w.s.m.m.a.RequestMappingHandlerMapping - [register,543] - Mapped "{[/tableserviceconfig/list]}" onto public java.lang.Object cn.afterturn.gen.modular.code.controller.TableServiceConfigController.list(cn.afterturn.gen.modular.code.model.TableServiceConfigModel)
14:08:53.700 [restartedMain] INFO  o.s.w.s.m.m.a.RequestMappingHandlerMapping - [register,543] - Mapped "{[/tableserviceconfig/detail]}" onto public java.lang.Object cn.afterturn.gen.modular.code.controller.TableServiceConfigController.detail(cn.afterturn.gen.modular.code.model.TableServiceConfigModel)
14:08:53.700 [restartedMain] INFO  o.s.w.s.m.m.a.RequestMappingHandlerMapping - [register,543] - Mapped "{[/tableserviceconfig/goto_update/{id}]}" onto public java.lang.String cn.afterturn.gen.modular.code.controller.TableServiceConfigController.TableServiceConfigUpdate(java.lang.Integer,org.springframework.ui.Model)
14:08:53.701 [restartedMain] INFO  o.s.w.s.m.m.a.RequestMappingHandlerMapping - [register,543] - Mapped "{[/tableserviceconfig/goto_add]}" onto public java.lang.String cn.afterturn.gen.modular.code.controller.TableServiceConfigController.TableServiceConfigAdd()
14:08:53.702 [restartedMain] INFO  o.s.w.s.m.m.a.RequestMappingHandlerMapping - [register,543] - Mapped "{[/template]}" onto public java.lang.String cn.afterturn.gen.modular.code.controller.TemplateController.index(org.springframework.ui.Model)
14:08:53.703 [restartedMain] INFO  o.s.w.s.m.m.a.RequestMappingHandlerMapping - [register,543] - Mapped "{[/template/add]}" onto public java.lang.Object cn.afterturn.gen.modular.code.controller.TemplateController.add(cn.afterturn.gen.modular.code.model.TemplateModel) throws java.io.UnsupportedEncodingException
14:08:53.703 [restartedMain] INFO  o.s.w.s.m.m.a.RequestMappingHandlerMapping - [register,543] - Mapped "{[/template/update]}" onto public java.lang.Object cn.afterturn.gen.modular.code.controller.TemplateController.update(cn.afterturn.gen.modular.code.model.TemplateModel) throws java.io.UnsupportedEncodingException
14:08:53.703 [restartedMain] INFO  o.s.w.s.m.m.a.RequestMappingHandlerMapping - [register,543] - Mapped "{[/template/delete]}" onto public java.lang.Object cn.afterturn.gen.modular.code.controller.TemplateController.delete(java.lang.Integer)
14:08:53.703 [restartedMain] INFO  o.s.w.s.m.m.a.RequestMappingHandlerMapping - [register,543] - Mapped "{[/template/list]}" onto public java.lang.Object cn.afterturn.gen.modular.code.controller.TemplateController.list(cn.afterturn.gen.modular.code.model.TemplateModel)
14:08:53.704 [restartedMain] INFO  o.s.w.s.m.m.a.RequestMappingHandlerMapping - [register,543] - Mapped "{[/template/detail]}" onto public java.lang.Object cn.afterturn.gen.modular.code.controller.TemplateController.detail(cn.afterturn.gen.modular.code.model.TemplateModel)
14:08:53.704 [restartedMain] INFO  o.s.w.s.m.m.a.RequestMappingHandlerMapping - [register,543] - Mapped "{[/template/goto_update/{id}]}" onto public java.lang.String cn.afterturn.gen.modular.code.controller.TemplateController.gotoUpdate(java.lang.Integer,org.springframework.ui.Model)
14:08:53.704 [restartedMain] INFO  o.s.w.s.m.m.a.RequestMappingHandlerMapping - [register,543] - Mapped "{[/template/goto_add]}" onto public java.lang.String cn.afterturn.gen.modular.code.controller.TemplateController.gotoAdd(org.springframework.ui.Model)
14:08:53.704 [restartedMain] INFO  o.s.w.s.m.m.a.RequestMappingHandlerMapping - [register,543] - Mapped "{[/template/history]}" onto public java.lang.String cn.afterturn.gen.modular.code.controller.TemplateController.history(org.springframework.ui.Model,java.lang.String)
14:08:53.705 [restartedMain] INFO  o.s.w.s.m.m.a.RequestMappingHandlerMapping - [register,543] - Mapped "{[/template/goto_save_as/{id}]}" onto public java.lang.String cn.afterturn.gen.modular.code.controller.TemplateController.gotoSaveAs(java.lang.Integer,org.springframework.ui.Model)
14:08:53.705 [restartedMain] INFO  o.s.w.s.m.m.a.RequestMappingHandlerMapping - [register,543] - Mapped "{[/template/goto_detail/{id}]}" onto public java.lang.String cn.afterturn.gen.modular.code.controller.TemplateController.gotoDetail(java.lang.Integer,org.springframework.ui.Model)
14:08:53.706 [restartedMain] INFO  o.s.w.s.m.m.a.RequestMappingHandlerMapping - [register,543] - Mapped "{[/templategroup]}" onto public java.lang.String cn.afterturn.gen.modular.code.controller.TemplateGroupController.index()
14:08:53.706 [restartedMain] INFO  o.s.w.s.m.m.a.RequestMappingHandlerMapping - [register,543] - Mapped "{[/templategroup/add]}" onto public java.lang.Object cn.afterturn.gen.modular.code.controller.TemplateGroupController.add(cn.afterturn.gen.modular.code.model.TemplateGroupModel)
14:08:53.707 [restartedMain] INFO  o.s.w.s.m.m.a.RequestMappingHandlerMapping - [register,543] - Mapped "{[/templategroup/update]}" onto public java.lang.Object cn.afterturn.gen.modular.code.controller.TemplateGroupController.update(cn.afterturn.gen.modular.code.model.TemplateGroupModel)
14:08:53.707 [restartedMain] INFO  o.s.w.s.m.m.a.RequestMappingHandlerMapping - [register,543] - Mapped "{[/templategroup/delete]}" onto public java.lang.Object cn.afterturn.gen.modular.code.controller.TemplateGroupController.delete(java.lang.Integer)
14:08:53.707 [restartedMain] INFO  o.s.w.s.m.m.a.RequestMappingHandlerMapping - [register,543] - Mapped "{[/templategroup/list]}" onto public java.lang.Object cn.afterturn.gen.modular.code.controller.TemplateGroupController.list(cn.afterturn.gen.modular.code.model.TemplateGroupModel)
14:08:53.707 [restartedMain] INFO  o.s.w.s.m.m.a.RequestMappingHandlerMapping - [register,543] - Mapped "{[/templategroup/detail]}" onto public java.lang.Object cn.afterturn.gen.modular.code.controller.TemplateGroupController.detail(cn.afterturn.gen.modular.code.model.TemplateGroupModel)
14:08:53.707 [restartedMain] INFO  o.s.w.s.m.m.a.RequestMappingHandlerMapping - [register,543] - Mapped "{[/templategroup/goto_update/{id}]}" onto public java.lang.String cn.afterturn.gen.modular.code.controller.TemplateGroupController.TemplateGroupUpdate(java.lang.Integer,org.springframework.ui.Model)
14:08:53.708 [restartedMain] INFO  o.s.w.s.m.m.a.RequestMappingHandlerMapping - [register,543] - Mapped "{[/templategroup/share/{id}]}" onto public java.lang.Object cn.afterturn.gen.modular.code.controller.TemplateGroupController.share(java.lang.Integer)
14:08:53.708 [restartedMain] INFO  o.s.w.s.m.m.a.RequestMappingHandlerMapping - [register,543] - Mapped "{[/templategroup/goto_add]}" onto public java.lang.String cn.afterturn.gen.modular.code.controller.TemplateGroupController.TemplateGroupAdd()
14:08:53.709 [restartedMain] INFO  o.s.w.s.m.m.a.RequestMappingHandlerMapping - [register,543] - Mapped "{[/templateshare]}" onto public java.lang.String cn.afterturn.gen.modular.code.controller.TemplateShareController.index()
14:08:53.709 [restartedMain] INFO  o.s.w.s.m.m.a.RequestMappingHandlerMapping - [register,543] - Mapped "{[/templateshare/add]}" onto public java.lang.Object cn.afterturn.gen.modular.code.controller.TemplateShareController.add(cn.afterturn.gen.modular.code.model.TemplateShareModel)
14:08:53.709 [restartedMain] INFO  o.s.w.s.m.m.a.RequestMappingHandlerMapping - [register,543] - Mapped "{[/templateshare/update]}" onto public java.lang.Object cn.afterturn.gen.modular.code.controller.TemplateShareController.update(cn.afterturn.gen.modular.code.model.TemplateShareModel)
14:08:53.710 [restartedMain] INFO  o.s.w.s.m.m.a.RequestMappingHandlerMapping - [register,543] - Mapped "{[/templateshare/delete]}" onto public java.lang.Object cn.afterturn.gen.modular.code.controller.TemplateShareController.delete(java.lang.Integer)
14:08:53.710 [restartedMain] INFO  o.s.w.s.m.m.a.RequestMappingHandlerMapping - [register,543] - Mapped "{[/templateshare/list]}" onto public java.lang.Object cn.afterturn.gen.modular.code.controller.TemplateShareController.list(cn.afterturn.gen.modular.code.model.TemplateShareModel)
14:08:53.710 [restartedMain] INFO  o.s.w.s.m.m.a.RequestMappingHandlerMapping - [register,543] - Mapped "{[/templateshare/detail]}" onto public java.lang.Object cn.afterturn.gen.modular.code.controller.TemplateShareController.detail(cn.afterturn.gen.modular.code.model.TemplateShareModel)
14:08:53.710 [restartedMain] INFO  o.s.w.s.m.m.a.RequestMappingHandlerMapping - [register,543] - Mapped "{[/templateshare/goto_update/{id}]}" onto public java.lang.String cn.afterturn.gen.modular.code.controller.TemplateShareController.TemplateShareUpdate(java.lang.Integer,org.springframework.ui.Model)
14:08:53.711 [restartedMain] INFO  o.s.w.s.m.m.a.RequestMappingHandlerMapping - [register,543] - Mapped "{[/templateshare/goto_add]}" onto public java.lang.String cn.afterturn.gen.modular.code.controller.TemplateShareController.TemplateShareAdd()
14:08:53.711 [restartedMain] INFO  o.s.w.s.m.m.a.RequestMappingHandlerMapping - [register,543] - Mapped "{[/scimags/search]}" onto public java.util.List<cn.afterturn.gen.modular.demo.entity.Scimag> cn.afterturn.gen.modular.demo.controller.ScimagController.listTop(java.lang.String)
14:08:53.713 [restartedMain] INFO  o.s.w.s.m.m.a.RequestMappingHandlerMapping - [register,543] - Mapped "{[/requirement/element]}" onto public java.lang.String cn.afterturn.gen.modular.requirement.controller.ElementController.index(java.lang.Integer,org.springframework.ui.Model)
14:08:53.713 [restartedMain] INFO  o.s.w.s.m.m.a.RequestMappingHandlerMapping - [register,543] - Mapped "{[/requirement/element/add]}" onto public java.lang.Object cn.afterturn.gen.modular.requirement.controller.ElementController.add(cn.afterturn.gen.modular.requirement.model.Element)
14:08:53.713 [restartedMain] INFO  o.s.w.s.m.m.a.RequestMappingHandlerMapping - [register,543] - Mapped "{[/requirement/element/update]}" onto public java.lang.Object cn.afterturn.gen.modular.requirement.controller.ElementController.update(cn.afterturn.gen.modular.requirement.model.Element)
14:08:53.714 [restartedMain] INFO  o.s.w.s.m.m.a.RequestMappingHandlerMapping - [register,543] - Mapped "{[/requirement/element/delete]}" onto public java.lang.Object cn.afterturn.gen.modular.requirement.controller.ElementController.delete(java.lang.Integer)
14:08:53.714 [restartedMain] INFO  o.s.w.s.m.m.a.RequestMappingHandlerMapping - [register,543] - Mapped "{[/requirement/element/list]}" onto public java.lang.Object cn.afterturn.gen.modular.requirement.controller.ElementController.list(cn.afterturn.gen.modular.requirement.model.Element,javax.servlet.http.HttpServletRequest,javax.servlet.http.HttpServletResponse)
14:08:53.714 [restartedMain] INFO  o.s.w.s.m.m.a.RequestMappingHandlerMapping - [register,543] - Mapped "{[/requirement/element/detail]}" onto public java.lang.Object cn.afterturn.gen.modular.requirement.controller.ElementController.detail(cn.afterturn.gen.modular.requirement.model.Element)
14:08:53.714 [restartedMain] INFO  o.s.w.s.m.m.a.RequestMappingHandlerMapping - [register,543] - Mapped "{[/requirement/element/goto_update/{id}]}" onto public java.lang.String cn.afterturn.gen.modular.requirement.controller.ElementController.gotoUpdate(java.lang.Integer,org.springframework.ui.Model)
14:08:53.715 [restartedMain] INFO  o.s.w.s.m.m.a.RequestMappingHandlerMapping - [register,543] - Mapped "{[/requirement/element/goto_add]}" onto public java.lang.String cn.afterturn.gen.modular.requirement.controller.ElementController.gotoAdd(java.lang.Integer,org.springframework.ui.Model)
14:08:53.716 [restartedMain] INFO  o.s.w.s.m.m.a.RequestMappingHandlerMapping - [register,543] - Mapped "{[/requirement/module]}" onto public java.lang.String cn.afterturn.gen.modular.requirement.controller.ModuleController.index()
14:08:53.716 [restartedMain] INFO  o.s.w.s.m.m.a.RequestMappingHandlerMapping - [register,543] - Mapped "{[/requirement/module/add]}" onto public java.lang.Object cn.afterturn.gen.modular.requirement.controller.ModuleController.add(cn.afterturn.gen.modular.requirement.model.Module)
14:08:53.716 [restartedMain] INFO  o.s.w.s.m.m.a.RequestMappingHandlerMapping - [register,543] - Mapped "{[/requirement/module/update]}" onto public java.lang.Object cn.afterturn.gen.modular.requirement.controller.ModuleController.update(cn.afterturn.gen.modular.requirement.model.Module)
14:08:53.716 [restartedMain] INFO  o.s.w.s.m.m.a.RequestMappingHandlerMapping - [register,543] - Mapped "{[/requirement/module/delete]}" onto public java.lang.Object cn.afterturn.gen.modular.requirement.controller.ModuleController.delete(java.lang.Integer)
14:08:53.716 [restartedMain] INFO  o.s.w.s.m.m.a.RequestMappingHandlerMapping - [register,543] - Mapped "{[/requirement/module/list]}" onto public java.lang.Object cn.afterturn.gen.modular.requirement.controller.ModuleController.list(cn.afterturn.gen.modular.requirement.model.Module,javax.servlet.http.HttpServletRequest,javax.servlet.http.HttpServletResponse)
14:08:53.717 [restartedMain] INFO  o.s.w.s.m.m.a.RequestMappingHandlerMapping - [register,543] - Mapped "{[/requirement/module/detail]}" onto public java.lang.Object cn.afterturn.gen.modular.requirement.controller.ModuleController.detail(cn.afterturn.gen.modular.requirement.model.Module)
14:08:53.717 [restartedMain] INFO  o.s.w.s.m.m.a.RequestMappingHandlerMapping - [register,543] - Mapped "{[/requirement/module/goto_update/{id}]}" onto public java.lang.String cn.afterturn.gen.modular.requirement.controller.ModuleController.gotoUpdate(java.lang.Integer,org.springframework.ui.Model)
14:08:53.717 [restartedMain] INFO  o.s.w.s.m.m.a.RequestMappingHandlerMapping - [register,543] - Mapped "{[/requirement/module/goto_add]}" onto public java.lang.String cn.afterturn.gen.modular.requirement.controller.ModuleController.gotoAdd()
14:08:53.718 [restartedMain] INFO  o.s.w.s.m.m.a.RequestMappingHandlerMapping - [register,543] - Mapped "{[/requirement/page]}" onto public java.lang.String cn.afterturn.gen.modular.requirement.controller.PageController.index(java.lang.Integer,org.springframework.ui.Model)
14:08:53.718 [restartedMain] INFO  o.s.w.s.m.m.a.RequestMappingHandlerMapping - [register,543] - Mapped "{[/requirement/page/add]}" onto public java.lang.Object cn.afterturn.gen.modular.requirement.controller.PageController.add(cn.afterturn.gen.modular.requirement.model.Page)
14:08:53.718 [restartedMain] INFO  o.s.w.s.m.m.a.RequestMappingHandlerMapping - [register,543] - Mapped "{[/requirement/page/update]}" onto public java.lang.Object cn.afterturn.gen.modular.requirement.controller.PageController.update(cn.afterturn.gen.modular.requirement.model.Page)
14:08:53.718 [restartedMain] INFO  o.s.w.s.m.m.a.RequestMappingHandlerMapping - [register,543] - Mapped "{[/requirement/page/delete]}" onto public java.lang.Object cn.afterturn.gen.modular.requirement.controller.PageController.delete(java.lang.Integer)
14:08:53.718 [restartedMain] INFO  o.s.w.s.m.m.a.RequestMappingHandlerMapping - [register,543] - Mapped "{[/requirement/page/list]}" onto public java.lang.Object cn.afterturn.gen.modular.requirement.controller.PageController.list(cn.afterturn.gen.modular.requirement.model.Page,javax.servlet.http.HttpServletRequest,javax.servlet.http.HttpServletResponse)
14:08:53.718 [restartedMain] INFO  o.s.w.s.m.m.a.RequestMappingHandlerMapping - [register,543] - Mapped "{[/requirement/page/detail]}" onto public java.lang.Object cn.afterturn.gen.modular.requirement.controller.PageController.detail(cn.afterturn.gen.modular.requirement.model.Page)
14:08:53.718 [restartedMain] INFO  o.s.w.s.m.m.a.RequestMappingHandlerMapping - [register,543] - Mapped "{[/requirement/page/goto_update/{id}]}" onto public java.lang.String cn.afterturn.gen.modular.requirement.controller.PageController.gotoUpdate(java.lang.Integer,org.springframework.ui.Model)
14:08:53.718 [restartedMain] INFO  o.s.w.s.m.m.a.RequestMappingHandlerMapping - [register,543] - Mapped "{[/requirement/page/goto_add]}" onto public java.lang.String cn.afterturn.gen.modular.requirement.controller.PageController.gotoAdd(java.lang.Integer,org.springframework.ui.Model)
14:08:53.718 [restartedMain] INFO  o.s.w.s.m.m.a.RequestMappingHandlerMapping - [register,543] - Mapped "{[/requirement/page/upload],methods=[POST]}" onto public void cn.afterturn.gen.modular.requirement.controller.PageController.upload(org.springframework.web.multipart.MultipartFile,java.lang.Integer)
14:08:53.719 [restartedMain] INFO  o.s.w.s.m.m.a.RequestMappingHandlerMapping - [register,543] - Mapped "{[/blackboard]}" onto public java.lang.String cn.afterturn.gen.modular.system.controller.BlackboardController.blackboard(org.springframework.ui.Model)
14:08:53.719 [restartedMain] INFO  o.s.w.s.m.m.a.RequestMappingHandlerMapping - [register,543] - Mapped "{[/dept]}" onto public java.lang.String cn.afterturn.gen.modular.system.controller.DeptController.index()
14:08:53.720 [restartedMain] INFO  o.s.w.s.m.m.a.RequestMappingHandlerMapping - [register,543] - Mapped "{[/dept/add]}" onto public java.lang.Object cn.afterturn.gen.modular.system.controller.DeptController.add(cn.afterturn.gen.common.persistence.model.Dept)
14:08:53.720 [restartedMain] INFO  o.s.w.s.m.m.a.RequestMappingHandlerMapping - [register,543] - Mapped "{[/dept/update]}" onto public java.lang.Object cn.afterturn.gen.modular.system.controller.DeptController.update(cn.afterturn.gen.common.persistence.model.Dept)
14:08:53.720 [restartedMain] INFO  o.s.w.s.m.m.a.RequestMappingHandlerMapping - [register,543] - Mapped "{[/dept/delete]}" onto public java.lang.Object cn.afterturn.gen.modular.system.controller.DeptController.delete(java.lang.Integer)
14:08:53.720 [restartedMain] INFO  o.s.w.s.m.m.a.RequestMappingHandlerMapping - [register,543] - Mapped "{[/dept/list]}" onto public java.lang.Object cn.afterturn.gen.modular.system.controller.DeptController.list(java.lang.String)
14:08:53.720 [restartedMain] INFO  o.s.w.s.m.m.a.RequestMappingHandlerMapping - [register,543] - Mapped "{[/dept/tree]}" onto public java.util.List<cn.afterturn.gen.core.node.ZTreeNode> cn.afterturn.gen.modular.system.controller.DeptController.tree()
14:08:53.720 [restartedMain] INFO  o.s.w.s.m.m.a.RequestMappingHandlerMapping - [register,543] - Mapped "{[/dept/detail/{deptId}]}" onto public java.lang.Object cn.afterturn.gen.modular.system.controller.DeptController.detail(java.lang.Integer)
14:08:53.721 [restartedMain] INFO  o.s.w.s.m.m.a.RequestMappingHandlerMapping - [register,543] - Mapped "{[/dept/dept_add]}" onto public java.lang.String cn.afterturn.gen.modular.system.controller.DeptController.deptAdd()
14:08:53.721 [restartedMain] INFO  o.s.w.s.m.m.a.RequestMappingHandlerMapping - [register,543] - Mapped "{[/dept/dept_update/{deptId}]}" onto public java.lang.String cn.afterturn.gen.modular.system.controller.DeptController.deptUpdate(java.lang.Integer,org.springframework.ui.Model)
14:08:53.722 [restartedMain] INFO  o.s.w.s.m.m.a.RequestMappingHandlerMapping - [register,543] - Mapped "{[/dict]}" onto public java.lang.String cn.afterturn.gen.modular.system.controller.DictController.index()
14:08:53.722 [restartedMain] INFO  o.s.w.s.m.m.a.RequestMappingHandlerMapping - [register,543] - Mapped "{[/dict/add]}" onto public java.lang.Object cn.afterturn.gen.modular.system.controller.DictController.add(java.lang.String,java.lang.String)
14:08:53.722 [restartedMain] INFO  o.s.w.s.m.m.a.RequestMappingHandlerMapping - [register,543] - Mapped "{[/dict/update]}" onto public java.lang.Object cn.afterturn.gen.modular.system.controller.DictController.update(java.lang.Integer,java.lang.String,java.lang.String)
14:08:53.722 [restartedMain] INFO  o.s.w.s.m.m.a.RequestMappingHandlerMapping - [register,543] - Mapped "{[/dict/delete]}" onto public java.lang.Object cn.afterturn.gen.modular.system.controller.DictController.delete(java.lang.Integer)
14:08:53.722 [restartedMain] INFO  o.s.w.s.m.m.a.RequestMappingHandlerMapping - [register,543] - Mapped "{[/dict/list]}" onto public java.lang.Object cn.afterturn.gen.modular.system.controller.DictController.list(java.lang.String)
14:08:53.722 [restartedMain] INFO  o.s.w.s.m.m.a.RequestMappingHandlerMapping - [register,543] - Mapped "{[/dict/getKeys/{dictName}]}" onto public java.lang.Object cn.afterturn.gen.modular.system.controller.DictController.getKeys(java.lang.String)
14:08:53.723 [restartedMain] INFO  o.s.w.s.m.m.a.RequestMappingHandlerMapping - [register,543] - Mapped "{[/dict/translate/{query}]}" onto public java.lang.Object cn.afterturn.gen.modular.system.controller.DictController.translate(java.lang.String)
14:08:53.723 [restartedMain] INFO  o.s.w.s.m.m.a.RequestMappingHandlerMapping - [register,543] - Mapped "{[/dict/detail/{dictId}]}" onto public java.lang.Object cn.afterturn.gen.modular.system.controller.DictController.detail(java.lang.Integer)
14:08:53.723 [restartedMain] INFO  o.s.w.s.m.m.a.RequestMappingHandlerMapping - [register,543] - Mapped "{[/dict/getDataByKey/{dictName}/{num}]}" onto public java.lang.Object cn.afterturn.gen.modular.system.controller.DictController.getDataByKey(java.lang.String,int)
14:08:53.723 [restartedMain] INFO  o.s.w.s.m.m.a.RequestMappingHandlerMapping - [register,543] - Mapped "{[/dict/dict_add]}" onto public java.lang.String cn.afterturn.gen.modular.system.controller.DictController.deptAdd()
14:08:53.723 [restartedMain] INFO  o.s.w.s.m.m.a.RequestMappingHandlerMapping - [register,543] - Mapped "{[/dict/dict_edit/{dictId}]}" onto public java.lang.String cn.afterturn.gen.modular.system.controller.DictController.deptUpdate(java.lang.Integer,org.springframework.ui.Model)
14:08:53.724 [restartedMain] INFO  o.s.w.s.m.m.a.RequestMappingHandlerMapping - [register,543] - Mapped "{[/errorcode]}" onto public java.lang.String cn.afterturn.gen.modular.system.controller.ErrorCodeController.index()
14:08:53.724 [restartedMain] INFO  o.s.w.s.m.m.a.RequestMappingHandlerMapping - [register,543] - Mapped "{[/errorcode/add]}" onto public java.lang.Object cn.afterturn.gen.modular.system.controller.ErrorCodeController.add(cn.afterturn.gen.modular.system.model.ErrorCodeModel)
14:08:53.724 [restartedMain] INFO  o.s.w.s.m.m.a.RequestMappingHandlerMapping - [register,543] - Mapped "{[/errorcode/update]}" onto public java.lang.Object cn.afterturn.gen.modular.system.controller.ErrorCodeController.update(cn.afterturn.gen.modular.system.model.ErrorCodeModel)
14:08:53.724 [restartedMain] INFO  o.s.w.s.m.m.a.RequestMappingHandlerMapping - [register,543] - Mapped "{[/errorcode/delete]}" onto public java.lang.Object cn.afterturn.gen.modular.system.controller.ErrorCodeController.delete(java.lang.Integer)
14:08:53.724 [restartedMain] INFO  o.s.w.s.m.m.a.RequestMappingHandlerMapping - [register,543] - Mapped "{[/errorcode/list]}" onto public java.lang.Object cn.afterturn.gen.modular.system.controller.ErrorCodeController.list(cn.afterturn.gen.modular.system.model.ErrorCodeModel)
14:08:53.724 [restartedMain] INFO  o.s.w.s.m.m.a.RequestMappingHandlerMapping - [register,543] - Mapped "{[/errorcode/detail]}" onto public java.lang.Object cn.afterturn.gen.modular.system.controller.ErrorCodeController.detail(cn.afterturn.gen.modular.system.model.ErrorCodeModel)
14:08:53.724 [restartedMain] INFO  o.s.w.s.m.m.a.RequestMappingHandlerMapping - [register,543] - Mapped "{[/errorcode/goto_update/{id}]}" onto public java.lang.String cn.afterturn.gen.modular.system.controller.ErrorCodeController.ErrorCodeUpdate(java.lang.Integer,org.springframework.ui.Model)
14:08:53.725 [restartedMain] INFO  o.s.w.s.m.m.a.RequestMappingHandlerMapping - [register,543] - Mapped "{[/errorcode/goto_add]}" onto public java.lang.String cn.afterturn.gen.modular.system.controller.ErrorCodeController.ErrorCodeAdd()
14:08:53.725 [restartedMain] INFO  o.s.w.s.m.m.a.RequestMappingHandlerMapping - [register,543] - Mapped "{[/errorcode/export]}" onto public java.lang.Object cn.afterturn.gen.modular.system.controller.ErrorCodeController.export(javax.servlet.http.HttpServletRequest)
14:08:53.725 [restartedMain] INFO  o.s.w.s.m.m.a.RequestMappingHandlerMapping - [register,543] - Mapped "{[/kaptcha]}" onto public void cn.afterturn.gen.modular.system.controller.KaptchaController.index(javax.servlet.http.HttpServletRequest,javax.servlet.http.HttpServletResponse)
14:08:53.725 [restartedMain] INFO  o.s.w.s.m.m.a.RequestMappingHandlerMapping - [register,543] - Mapped "{[/kaptcha/{pictureId}]}" onto public void cn.afterturn.gen.modular.system.controller.KaptchaController.renderPicture(java.lang.String,javax.servlet.http.HttpServletResponse)
14:08:53.726 [restartedMain] INFO  o.s.w.s.m.m.a.RequestMappingHandlerMapping - [register,543] - Mapped "{[/log]}" onto public java.lang.String cn.afterturn.gen.modular.system.controller.LogController.index()
14:08:53.726 [restartedMain] INFO  o.s.w.s.m.m.a.RequestMappingHandlerMapping - [register,543] - Mapped "{[/log/list]}" onto public java.lang.Object cn.afterturn.gen.modular.system.controller.LogController.list(java.lang.String,java.lang.String,java.lang.String,java.lang.Integer)
14:08:53.726 [restartedMain] INFO  o.s.w.s.m.m.a.RequestMappingHandlerMapping - [register,543] - Mapped "{[/log/detail/{id}]}" onto public java.lang.Object cn.afterturn.gen.modular.system.controller.LogController.detail(java.lang.Integer)
14:08:53.726 [restartedMain] INFO  o.s.w.s.m.m.a.RequestMappingHandlerMapping - [register,543] - Mapped "{[/log/delLog]}" onto public java.lang.Object cn.afterturn.gen.modular.system.controller.LogController.delLog()
14:08:53.727 [restartedMain] INFO  o.s.w.s.m.m.a.RequestMappingHandlerMapping - [register,543] - Mapped "{[/],methods=[GET]}" onto public java.lang.String cn.afterturn.gen.modular.system.controller.LoginController.index(org.springframework.ui.Model)
14:08:53.727 [restartedMain] INFO  o.s.w.s.m.m.a.RequestMappingHandlerMapping - [register,543] - Mapped "{[/register],methods=[GET]}" onto public java.lang.String cn.afterturn.gen.modular.system.controller.LoginController.register()
14:08:53.727 [restartedMain] INFO  o.s.w.s.m.m.a.RequestMappingHandlerMapping - [register,543] - Mapped "{[/register],methods=[POST]}" onto public java.lang.String cn.afterturn.gen.modular.system.controller.LoginController.registerVali(java.lang.String,java.lang.String)
14:08:53.727 [restartedMain] INFO  o.s.w.s.m.m.a.RequestMappingHandlerMapping - [register,543] - Mapped "{[/logout],methods=[GET]}" onto public java.lang.String cn.afterturn.gen.modular.system.controller.LoginController.logOut()
14:08:53.727 [restartedMain] INFO  o.s.w.s.m.m.a.RequestMappingHandlerMapping - [register,543] - Mapped "{[/login],methods=[GET]}" onto public java.lang.String cn.afterturn.gen.modular.system.controller.LoginController.login()
14:08:53.727 [restartedMain] INFO  o.s.w.s.m.m.a.RequestMappingHandlerMapping - [register,543] - Mapped "{[/login],methods=[POST]}" onto public java.lang.String cn.afterturn.gen.modular.system.controller.LoginController.loginVali()
14:08:53.728 [restartedMain] INFO  o.s.w.s.m.m.a.RequestMappingHandlerMapping - [register,543] - Mapped "{[/loginLog]}" onto public java.lang.String cn.afterturn.gen.modular.system.controller.LoginLogController.index()
14:08:53.728 [restartedMain] INFO  o.s.w.s.m.m.a.RequestMappingHandlerMapping - [register,543] - Mapped "{[/loginLog/list]}" onto public java.lang.Object cn.afterturn.gen.modular.system.controller.LoginLogController.list(java.lang.String,java.lang.String,java.lang.String)
14:08:53.728 [restartedMain] INFO  o.s.w.s.m.m.a.RequestMappingHandlerMapping - [register,543] - Mapped "{[/loginLog/delLoginLog]}" onto public java.lang.Object cn.afterturn.gen.modular.system.controller.LoginLogController.delLog()
14:08:53.729 [restartedMain] INFO  o.s.w.s.m.m.a.RequestMappingHandlerMapping - [register,543] - Mapped "{[/menu]}" onto public java.lang.String cn.afterturn.gen.modular.system.controller.MenuController.index()
14:08:53.729 [restartedMain] INFO  o.s.w.s.m.m.a.RequestMappingHandlerMapping - [register,543] - Mapped "{[/menu/add]}" onto public cn.afterturn.gen.core.base.tips.Tip cn.afterturn.gen.modular.system.controller.MenuController.add(cn.afterturn.gen.common.persistence.model.Menu,org.springframework.validation.BindingResult)
14:08:53.729 [restartedMain] INFO  o.s.w.s.m.m.a.RequestMappingHandlerMapping - [register,543] - Mapped "{[/menu/remove]}" onto public cn.afterturn.gen.core.base.tips.Tip cn.afterturn.gen.modular.system.controller.MenuController.remove(java.lang.Integer)
14:08:53.730 [restartedMain] INFO  o.s.w.s.m.m.a.RequestMappingHandlerMapping - [register,543] - Mapped "{[/menu/list]}" onto public java.lang.Object cn.afterturn.gen.modular.system.controller.MenuController.list(java.lang.String,java.lang.String)
14:08:53.730 [restartedMain] INFO  o.s.w.s.m.m.a.RequestMappingHandlerMapping - [register,543] - Mapped "{[/menu/view/{menuId}]}" onto public cn.afterturn.gen.core.base.tips.Tip cn.afterturn.gen.modular.system.controller.MenuController.view(java.lang.Integer)
14:08:53.730 [restartedMain] INFO  o.s.w.s.m.m.a.RequestMappingHandlerMapping - [register,543] - Mapped "{[/menu/selectMenuTreeList]}" onto public java.util.List<cn.afterturn.gen.core.node.ZTreeNode> cn.afterturn.gen.modular.system.controller.MenuController.selectMenuTreeList()
14:08:53.730 [restartedMain] INFO  o.s.w.s.m.m.a.RequestMappingHandlerMapping - [register,543] - Mapped "{[/menu/menuTreeListByRoleId/{roleId}]}" onto public java.util.List<cn.afterturn.gen.core.node.ZTreeNode> cn.afterturn.gen.modular.system.controller.MenuController.menuTreeListByRoleId(java.lang.Integer)
14:08:53.730 [restartedMain] INFO  o.s.w.s.m.m.a.RequestMappingHandlerMapping - [register,543] - Mapped "{[/menu/menuTreeList]}" onto public java.util.List<cn.afterturn.gen.core.node.ZTreeNode> cn.afterturn.gen.modular.system.controller.MenuController.menuTreeList()
14:08:53.731 [restartedMain] INFO  o.s.w.s.m.m.a.RequestMappingHandlerMapping - [register,543] - Mapped "{[/menu/edit]}" onto public cn.afterturn.gen.core.base.tips.Tip cn.afterturn.gen.modular.system.controller.MenuController.edit(cn.afterturn.gen.common.persistence.model.Menu,org.springframework.validation.BindingResult)
14:08:53.731 [restartedMain] INFO  o.s.w.s.m.m.a.RequestMappingHandlerMapping - [register,543] - Mapped "{[/menu/menu_add]}" onto public java.lang.String cn.afterturn.gen.modular.system.controller.MenuController.menuAdd()
14:08:53.731 [restartedMain] INFO  o.s.w.s.m.m.a.RequestMappingHandlerMapping - [register,543] - Mapped "{[/menu/menu_edit/{menuId}]}" onto public java.lang.String cn.afterturn.gen.modular.system.controller.MenuController.menuEdit(java.lang.Integer,org.springframework.ui.Model)
14:08:53.732 [restartedMain] INFO  o.s.w.s.m.m.a.RequestMappingHandlerMapping - [register,543] - Mapped "{[/notice]}" onto public java.lang.String cn.afterturn.gen.modular.system.controller.NoticeController.index()
14:08:53.733 [restartedMain] INFO  o.s.w.s.m.m.a.RequestMappingHandlerMapping - [register,543] - Mapped "{[/notice/add]}" onto public java.lang.Object cn.afterturn.gen.modular.system.controller.NoticeController.add(cn.afterturn.gen.common.persistence.model.Notice)
14:08:53.733 [restartedMain] INFO  o.s.w.s.m.m.a.RequestMappingHandlerMapping - [register,543] - Mapped "{[/notice/update]}" onto public java.lang.Object cn.afterturn.gen.modular.system.controller.NoticeController.update(cn.afterturn.gen.common.persistence.model.Notice)
14:08:53.734 [restartedMain] INFO  o.s.w.s.m.m.a.RequestMappingHandlerMapping - [register,543] - Mapped "{[/notice/delete]}" onto public java.lang.Object cn.afterturn.gen.modular.system.controller.NoticeController.delete(java.lang.Integer)
14:08:53.734 [restartedMain] INFO  o.s.w.s.m.m.a.RequestMappingHandlerMapping - [register,543] - Mapped "{[/notice/list]}" onto public java.lang.Object cn.afterturn.gen.modular.system.controller.NoticeController.list(java.lang.String)
14:08:53.734 [restartedMain] INFO  o.s.w.s.m.m.a.RequestMappingHandlerMapping - [register,543] - Mapped "{[/notice/hello]}" onto public java.lang.String cn.afterturn.gen.modular.system.controller.NoticeController.hello()
14:08:53.734 [restartedMain] INFO  o.s.w.s.m.m.a.RequestMappingHandlerMapping - [register,543] - Mapped "{[/notice/notice_add]}" onto public java.lang.String cn.afterturn.gen.modular.system.controller.NoticeController.noticeAdd()
14:08:53.734 [restartedMain] INFO  o.s.w.s.m.m.a.RequestMappingHandlerMapping - [register,543] - Mapped "{[/notice/notice_update/{noticeId}]}" onto public java.lang.String cn.afterturn.gen.modular.system.controller.NoticeController.noticeUpdate(java.lang.Integer,org.springframework.ui.Model)
14:08:53.735 [restartedMain] INFO  o.s.w.s.m.m.a.RequestMappingHandlerMapping - [register,543] - Mapped "{[/role]}" onto public java.lang.String cn.afterturn.gen.modular.system.controller.RoleController.index()
14:08:53.735 [restartedMain] INFO  o.s.w.s.m.m.a.RequestMappingHandlerMapping - [register,543] - Mapped "{[/role/add]}" onto public cn.afterturn.gen.core.base.tips.Tip cn.afterturn.gen.modular.system.controller.RoleController.add(cn.afterturn.gen.common.persistence.model.Role,org.springframework.validation.BindingResult)
14:08:53.735 [restartedMain] INFO  o.s.w.s.m.m.a.RequestMappingHandlerMapping - [register,543] - Mapped "{[/role/remove]}" onto public cn.afterturn.gen.core.base.tips.Tip cn.afterturn.gen.modular.system.controller.RoleController.remove(java.lang.Integer)
14:08:53.736 [restartedMain] INFO  o.s.w.s.m.m.a.RequestMappingHandlerMapping - [register,543] - Mapped "{[/role/list]}" onto public java.lang.Object cn.afterturn.gen.modular.system.controller.RoleController.list(java.lang.String)
14:08:53.736 [restartedMain] INFO  o.s.w.s.m.m.a.RequestMappingHandlerMapping - [register,543] - Mapped "{[/role/view/{roleId}]}" onto public cn.afterturn.gen.core.base.tips.Tip cn.afterturn.gen.modular.system.controller.RoleController.view(java.lang.Integer)
14:08:53.736 [restartedMain] INFO  o.s.w.s.m.m.a.RequestMappingHandlerMapping - [register,543] - Mapped "{[/role/roleTreeListByUserId/{userId}]}" onto public java.util.List<cn.afterturn.gen.core.node.ZTreeNode> cn.afterturn.gen.modular.system.controller.RoleController.roleTreeListByUserId(java.lang.Integer)
14:08:53.736 [restartedMain] INFO  o.s.w.s.m.m.a.RequestMappingHandlerMapping - [register,543] - Mapped "{[/role/roleTreeList]}" onto public java.util.List<cn.afterturn.gen.core.node.ZTreeNode> cn.afterturn.gen.modular.system.controller.RoleController.roleTreeList()
14:08:53.736 [restartedMain] INFO  o.s.w.s.m.m.a.RequestMappingHandlerMapping - [register,543] - Mapped "{[/role/role_edit/{roleId}]}" onto public java.lang.String cn.afterturn.gen.modular.system.controller.RoleController.roleEdit(java.lang.Integer,org.springframework.ui.Model)
14:08:53.737 [restartedMain] INFO  o.s.w.s.m.m.a.RequestMappingHandlerMapping - [register,543] - Mapped "{[/role/role_add]}" onto public java.lang.String cn.afterturn.gen.modular.system.controller.RoleController.roleAdd()
14:08:53.737 [restartedMain] INFO  o.s.w.s.m.m.a.RequestMappingHandlerMapping - [register,543] - Mapped "{[/role/role_assign/{roleId}]}" onto public java.lang.String cn.afterturn.gen.modular.system.controller.RoleController.roleAssign(java.lang.Integer,org.springframework.ui.Model)
14:08:53.737 [restartedMain] INFO  o.s.w.s.m.m.a.RequestMappingHandlerMapping - [register,543] - Mapped "{[/role/setAuthority]}" onto public cn.afterturn.gen.core.base.tips.Tip cn.afterturn.gen.modular.system.controller.RoleController.setAuthority(java.lang.Integer,java.lang.String)
14:08:53.737 [restartedMain] INFO  o.s.w.s.m.m.a.RequestMappingHandlerMapping - [register,543] - Mapped "{[/role/edit]}" onto public cn.afterturn.gen.core.base.tips.Tip cn.afterturn.gen.modular.system.controller.RoleController.edit(cn.afterturn.gen.common.persistence.model.Role,org.springframework.validation.BindingResult)
14:08:53.738 [restartedMain] INFO  o.s.w.s.m.m.a.RequestMappingHandlerMapping - [register,543] - Mapped "{[/mgr]}" onto public java.lang.String cn.afterturn.gen.modular.system.controller.UserMgrController.index()
14:08:53.738 [restartedMain] INFO  o.s.w.s.m.m.a.RequestMappingHandlerMapping - [register,543] - Mapped "{[/mgr/add]}" onto public cn.afterturn.gen.core.base.tips.Tip cn.afterturn.gen.modular.system.controller.UserMgrController.add(cn.afterturn.gen.modular.system.transfer.UserDto,org.springframework.validation.BindingResult)
14:08:53.739 [restartedMain] INFO  o.s.w.s.m.m.a.RequestMappingHandlerMapping - [register,543] - Mapped "{[/mgr/delete]}" onto public cn.afterturn.gen.core.base.tips.Tip cn.afterturn.gen.modular.system.controller.UserMgrController.delete(java.lang.Integer)
14:08:53.739 [restartedMain] INFO  o.s.w.s.m.m.a.RequestMappingHandlerMapping - [register,543] - Mapped "{[/mgr/list]}" onto public java.lang.Object cn.afterturn.gen.modular.system.controller.UserMgrController.list(java.lang.String,java.lang.String,java.lang.String,java.lang.Integer)
14:08:53.739 [restartedMain] INFO  o.s.w.s.m.m.a.RequestMappingHandlerMapping - [register,543] - Mapped "{[/mgr/reset]}" onto public cn.afterturn.gen.core.base.tips.Tip cn.afterturn.gen.modular.system.controller.UserMgrController.reset(java.lang.Integer)
14:08:53.739 [restartedMain] INFO  o.s.w.s.m.m.a.RequestMappingHandlerMapping - [register,543] - Mapped "{[/mgr/user_info]}" onto public java.lang.String cn.afterturn.gen.modular.system.controller.UserMgrController.userInfo(org.springframework.ui.Model)
14:08:53.739 [restartedMain] INFO  o.s.w.s.m.m.a.RequestMappingHandlerMapping - [register,543] - Mapped "{[/mgr/view/{userId}]}" onto public cn.afterturn.gen.common.persistence.model.User cn.afterturn.gen.modular.system.controller.UserMgrController.view(java.lang.Integer)
14:08:53.739 [restartedMain] INFO  o.s.w.s.m.m.a.RequestMappingHandlerMapping - [register,543] - Mapped "{[/mgr/setRole]}" onto public cn.afterturn.gen.core.base.tips.Tip cn.afterturn.gen.modular.system.controller.UserMgrController.setRole(java.lang.Integer,java.lang.String)
14:08:53.739 [restartedMain] INFO  o.s.w.s.m.m.a.RequestMappingHandlerMapping - [register,543] - Mapped "{[/mgr/changePwd]}" onto public java.lang.Object cn.afterturn.gen.modular.system.controller.UserMgrController.changePwd(java.lang.String,java.lang.String,java.lang.String)
14:08:53.740 [restartedMain] INFO  o.s.w.s.m.m.a.RequestMappingHandlerMapping - [register,543] - Mapped "{[/mgr/user_chpwd]}" onto public java.lang.String cn.afterturn.gen.modular.system.controller.UserMgrController.chPwd()
14:08:53.740 [restartedMain] INFO  o.s.w.s.m.m.a.RequestMappingHandlerMapping - [register,543] - Mapped "{[/mgr/user_edit/{userId}]}" onto public java.lang.String cn.afterturn.gen.modular.system.controller.UserMgrController.userEdit(java.lang.Integer,org.springframework.ui.Model)
14:08:53.740 [restartedMain] INFO  o.s.w.s.m.m.a.RequestMappingHandlerMapping - [register,543] - Mapped "{[/mgr/unfreeze]}" onto public cn.afterturn.gen.core.base.tips.Tip cn.afterturn.gen.modular.system.controller.UserMgrController.unfreeze(java.lang.Integer)
14:08:53.740 [restartedMain] INFO  o.s.w.s.m.m.a.RequestMappingHandlerMapping - [register,543] - Mapped "{[/mgr/user_add]}" onto public java.lang.String cn.afterturn.gen.modular.system.controller.UserMgrController.addView()
14:08:53.740 [restartedMain] INFO  o.s.w.s.m.m.a.RequestMappingHandlerMapping - [register,543] - Mapped "{[/mgr/freeze]}" onto public cn.afterturn.gen.core.base.tips.Tip cn.afterturn.gen.modular.system.controller.UserMgrController.freeze(java.lang.Integer)
14:08:53.740 [restartedMain] INFO  o.s.w.s.m.m.a.RequestMappingHandlerMapping - [register,543] - Mapped "{[/mgr/role_assign/{userId}]}" onto public java.lang.String cn.afterturn.gen.modular.system.controller.UserMgrController.roleAssign(java.lang.Integer,org.springframework.ui.Model)
14:08:53.740 [restartedMain] INFO  o.s.w.s.m.m.a.RequestMappingHandlerMapping - [register,543] - Mapped "{[/mgr/edit]}" onto public cn.afterturn.gen.core.base.tips.Tip cn.afterturn.gen.modular.system.controller.UserMgrController.edit(cn.afterturn.gen.modular.system.transfer.UserDto,org.springframework.validation.BindingResult) throws javax.naming.NoPermissionException
14:08:53.741 [restartedMain] INFO  o.s.w.s.m.m.a.RequestMappingHandlerMapping - [register,543] - Mapped "{[/mgr/upload],methods=[POST]}" onto public java.lang.String cn.afterturn.gen.modular.system.controller.UserMgrController.upload(org.springframework.web.multipart.MultipartFile)
14:08:53.741 [restartedMain] INFO  o.s.w.s.m.m.a.RequestMappingHandlerMapping - [register,543] - Mapped "{[/global/error]}" onto public java.lang.String cn.afterturn.gen.core.base.controller.GlobalController.errorPage()
14:08:53.741 [restartedMain] INFO  o.s.w.s.m.m.a.RequestMappingHandlerMapping - [register,543] - Mapped "{[/global/sessionError]}" onto public java.lang.String cn.afterturn.gen.core.base.controller.GlobalController.errorPageInfo(org.springframework.ui.Model)
14:08:53.742 [restartedMain] INFO  o.s.w.s.m.m.a.RequestMappingHandlerMapping - [register,543] - Mapped "{[/error]}" onto public org.springframework.http.ResponseEntity<java.util.Map<java.lang.String, java.lang.Object>> org.springframework.boot.autoconfigure.web.BasicErrorController.error(javax.servlet.http.HttpServletRequest)
14:08:53.742 [restartedMain] INFO  o.s.w.s.m.m.a.RequestMappingHandlerMapping - [register,543] - Mapped "{[/error],produces=[text/html]}" onto public org.springframework.web.servlet.ModelAndView org.springframework.boot.autoconfigure.web.BasicErrorController.errorHtml(javax.servlet.http.HttpServletRequest,javax.servlet.http.HttpServletResponse)
14:08:53.861 [restartedMain] INFO  o.s.w.s.h.SimpleUrlHandlerMapping - [registerHandler,362] - Mapped URL path [/webjars/**] onto handler of type [class org.springframework.web.servlet.resource.ResourceHttpRequestHandler]
14:08:53.861 [restartedMain] INFO  o.s.w.s.h.SimpleUrlHandlerMapping - [registerHandler,362] - Mapped URL path [/static/**] onto handler of type [class org.springframework.web.servlet.resource.ResourceHttpRequestHandler]
14:08:53.891 [restartedMain] INFO  o.s.w.s.m.m.a.ExceptionHandlerExceptionResolver - [initExceptionHandlerAdviceCache,273] - Detected @ExceptionHandler methods in globalExceptionHandler
14:08:53.942 [restartedMain] INFO  o.s.w.s.h.SimpleUrlHandlerMapping - [registerHandler,362] - Mapped URL path [/**/favicon.ico] onto handler of type [class org.springframework.web.servlet.resource.ResourceHttpRequestHandler]
14:08:54.608 [restartedMain] INFO  o.s.u.f.SpringTemplateLoader - [<init>,61] - SpringTemplateLoader for FreeMarker: using resource loader [org.springframework.boot.context.embedded.AnnotationConfigEmbeddedWebApplicationContext@7267b9fe: startup date [Wed Jun 12 14:08:46 CST 2024]; root of context hierarchy] and template loader path [classpath:/templates/]
14:08:54.609 [restartedMain] INFO  o.s.w.s.v.f.FreeMarkerConfigurer - [postProcessTemplateLoaders,127] - ClassTemplateLoader for Spring macros added to FreeMarker configuration
14:08:55.073 [restartedMain] INFO  o.s.b.d.a.OptionalLiveReloadServer - [startServer,58] - LiveReload server is running on port 35729
14:08:55.140 [restartedMain] INFO  o.s.j.e.a.AnnotationMBeanExporter - [afterSingletonsInstantiated,431] - Registering beans for JMX exposure on startup
14:08:55.152 [restartedMain] INFO  o.a.c.h.Http11NioProtocol - [log,179] - Initializing ProtocolHandler ["http-nio-7080"]
14:08:55.160 [restartedMain] INFO  o.a.c.h.Http11NioProtocol - [log,179] - Starting ProtocolHandler ["http-nio-7080"]
14:08:55.166 [restartedMain] INFO  o.a.t.u.n.NioSelectorPool - [log,179] - Using a shared selector for servlet write/read
14:08:55.179 [restartedMain] INFO  o.s.b.c.e.t.TomcatEmbeddedServletContainer - [start,198] - Tomcat started on port(s): 7080 (http)
14:08:55.183 [restartedMain] INFO  c.a.g.GenApplication - [logStarted,57] - Started GenApplication in 9.507 seconds (JVM running for 10.214)
14:08:55.183 [restartedMain] INFO  c.a.g.GenApplication - [main,22] - dev center application is success!
14:08:55.183 [restartedMain] INFO  c.a.g.GenApplication - [main,23] - http://localhost:7080
14:08:57.803 [http-nio-7080-exec-1] INFO  o.a.t.u.h.p.Cookie - [log,179] - A cookie header was received [1696670982,1696671872,1696903315; _ga=GA1.1.2102125908.1698561123; Hm_lvt_4c878ebfb06c5cea03481f1dc6d350a7=1699000519,1699179143; _ga_13PPZZ7P4Y=GS1.1.1700396204.4.1.1700396226.0.0.0; ajs_anonymous_id=66c303c7-94d0-4e03-bc07-baeffa6c2e92; Hm_lvt_8040ffe3712dede4a0fe1f8c798a1a35=1701182868] that contained an invalid cookie. That cookie will be ignored.Note: further occurrences of this error will be logged at DEBUG level.
14:08:57.811 [http-nio-7080-exec-1] INFO  o.a.c.c.C.[.[.[/] - [log,179] - Initializing Spring FrameworkServlet 'dispatcherServlet'
14:08:57.811 [http-nio-7080-exec-1] INFO  o.s.w.s.DispatcherServlet - [initServletBean,489] - FrameworkServlet 'dispatcherServlet': initialization started
14:08:57.844 [http-nio-7080-exec-1] INFO  o.s.w.s.DispatcherServlet - [initServletBean,508] - FrameworkServlet 'dispatcherServlet': initialization completed in 33 ms
14:08:57.859 [http-nio-7080-exec-1] INFO  o.a.s.s.m.AbstractValidatingSessionManager - [enableSessionValidation,233] - Enabling session validation scheduler...
14:13:52.450 [Thread-12] INFO  o.s.b.c.e.AnnotationConfigEmbeddedWebApplicationContext - [doClose,987] - Closing org.springframework.boot.context.embedded.AnnotationConfigEmbeddedWebApplicationContext@7267b9fe: startup date [Wed Jun 12 14:08:46 CST 2024]; root of context hierarchy
14:13:52.452 [Thread-12] INFO  o.s.j.e.a.AnnotationMBeanExporter - [destroy,449] - Unregistering JMX-exposed beans on shutdown
14:13:52.458 [Thread-12] INFO  c.a.d.p.DruidDataSource - [close,1514] - {dataSource-1} closed
14:13:52.460 [Thread-12] INFO  o.a.s.s.m.AbstractValidatingSessionManager - [disableSessionValidation,250] - Disabled session validation scheduler.
14:13:52.461 [Thread-12] INFO  o.s.c.e.EhCacheManagerFactoryBean - [destroy,187] - Shutting down EhCache CacheManager
